2024-09-02 14:02:57.469 [info] Extension host with pid 1225 started
2024-09-02 14:02:57.469 [error] Error: EEXIST: file already exists, open '/home/reid_butler/.codeoss/data/User/workspaceStorage/6c2144b5/vscode.lock'
2024-09-02 14:02:57.488 [info] Lock '/home/reid_butler/.codeoss/data/User/workspaceStorage/6c2144b5/vscode.lock': Could not acquire lock, checking if the file is stale.
2024-09-02 14:02:57.531 [info] Lock '/home/reid_butler/.codeoss/data/User/workspaceStorage/6c2144b5/vscode.lock': The lock does not look stale, elapsed: 1152 ms, giving up.
2024-09-02 14:02:57.584 [error] Error: EEXIST: file already exists, open '/home/reid_butler/.codeoss/data/User/workspaceStorage/6c2144b5-1/vscode.lock'
2024-09-02 14:02:57.597 [info] Lock '/home/reid_butler/.codeoss/data/User/workspaceStorage/6c2144b5-1/vscode.lock': Could not acquire lock, checking if the file is stale.
2024-09-02 14:02:57.598 [info] Lock '/home/reid_butler/.codeoss/data/User/workspaceStorage/6c2144b5-1/vscode.lock': The pid 3950 appears to be gone.
2024-09-02 14:02:57.598 [info] Lock '/home/reid_butler/.codeoss/data/User/workspaceStorage/6c2144b5-1/vscode.lock': Deleting a stale lock.
2024-09-02 14:02:57.605 [info] Lock '/home/reid_butler/.codeoss/data/User/workspaceStorage/6c2144b5-1/vscode.lock': Lock acquired.
2024-09-02 14:02:58.401 [info] ExtensionService#_doActivateExtension vscode.emmet, startup: false, activationEvent: 'onLanguage'
2024-09-02 14:02:58.408 [info] ExtensionService#_doActivateExtension ms-python.python, startup: false, activationEvent: 'onLanguage:python'
2024-09-02 14:03:00.509 [info] ExtensionService#_doActivateExtension vscode.git-base, startup: true, activationEvent: '*', root cause: vscode.git
2024-09-02 14:03:00.770 [info] ExtensionService#_doActivateExtension vscode.git, startup: true, activationEvent: '*'
2024-09-02 14:03:00.772 [info] ExtensionService#_doActivateExtension vscode.github, startup: true, activationEvent: '*'
2024-09-02 14:03:02.494 [info] ExtensionService#_doActivateExtension redhat.fabric8-analytics, startup: true, activationEvent: 'workspaceContains:**/package.json,**/pom.xml,**/go.mod,**/requirements.txt'
2024-09-02 14:03:03.991 [info] Eager extensions activated
2024-09-02 14:03:03.992 [info] ExtensionService#_doActivateExtension EditorConfig.EditorConfig, startup: false, activationEvent: 'onStartupFinished'
2024-09-02 14:03:03.992 [info] ExtensionService#_doActivateExtension google.cloud-shell, startup: false, activationEvent: 'onStartupFinished'
2024-09-02 14:03:03.993 [info] ExtensionService#_doActivateExtension googlecloudtools.cloudcode, startup: false, activationEvent: 'onStartupFinished'
2024-09-02 14:03:04.004 [info] ExtensionService#_doActivateExtension vscode.debug-auto-launch, startup: false, activationEvent: 'onStartupFinished'
2024-09-02 14:03:04.005 [info] ExtensionService#_doActivateExtension vscode.merge-conflict, startup: false, activationEvent: 'onStartupFinished'
2024-09-02 14:03:20.314 [warning] [Decorations] CAPPING events from decorations provider vscode.git 2487
2024-09-02 14:03:24.301 [warning] [Decorations] CAPPING events from decorations provider vscode.git 2489
2024-09-02 14:03:27.738 [info] ExtensionService#_doActivateExtension vscode.github-authentication, startup: false, activationEvent: 'onAuthenticationRequest:github'
2024-09-02 14:04:27.387 [info] ExtensionService#_doActivateExtension vscode.json-language-features, startup: false, activationEvent: 'onLanguage:jsonc'
2024-09-02 14:04:27.389 [info] ExtensionService#_doActivateExtension vscode.typescript-language-features, startup: false, activationEvent: 'onLanguage:jsonc'
