2024-09-02 14:03:11.933 [info] Log level: Info
2024-09-02 14:03:11.933 [info] Validating found git in: "git"
2024-09-02 14:03:11.933 [info] Using git "2.34.1" from "git"
2024-09-02 14:03:11.933 [info] > git rev-parse --show-toplevel [921ms]
2024-09-02 14:03:12.336 [info] > git rev-parse --git-dir --git-common-dir [14836ms]
2024-09-02 14:03:12.409 [info] Open repository: /home/reid_butler
2024-09-02 14:03:13.708 [info] > git config --get commit.template [1167ms]
2024-09-02 14:03:13.956 [info] > git rev-parse --show-toplevel [1332ms]
2024-09-02 14:03:14.152 [info] No remotes found in the git config file.
2024-09-02 14:03:14.294 [info] > git check-ignore -v -z --stdin [479ms]
2024-09-02 14:03:14.552 [info] > git rev-parse --git-dir --git-common-dir [265ms]
2024-09-02 14:03:14.576 [info] Open repository: /home/reid_butler/python-docs-samples
2024-09-02 14:03:14.595 [info] > git for-each-ref --format=%(refname)%00%(upstream:short)%00%(objectname)%00%(upstream:track)%00%(upstream:remotename)%00%(upstream:remoteref) refs/heads/main refs/remotes/main [437ms]
2024-09-02 14:03:14.596 [warning] No such branch: main.
2024-09-02 14:03:15.233 [info] > git status -z -uall [509ms]
2024-09-02 14:03:15.235 [info] > git rev-parse --show-toplevel [108ms]
2024-09-02 14:03:15.237 [info] > git config --get commit.template [210ms]
2024-09-02 14:03:19.575 [info] > git check-ignore -v -z --stdin [440ms]
2024-09-02 14:03:19.577 [info] > git check-ignore -v -z --stdin [344ms]
2024-09-02 14:03:19.627 [info] > git rev-parse --show-toplevel [4315ms]
2024-09-02 14:03:20.039 [info] > git config --get commit.template [552ms]
2024-09-02 14:03:20.041 [info] > git for-each-ref --format=%(refname)%00%(upstream:short)%00%(objectname)%00%(upstream:track)%00%(upstream:remotename)%00%(upstream:remoteref) refs/heads/main refs/remotes/main [639ms]
2024-09-02 14:03:20.199 [warning] ENOENT: no such file or directory, open '/home/reid_butler/python-docs-samples/.git/refs/remotes/origin/main'
2024-09-02 14:03:20.201 [info] > git rev-parse --show-toplevel [175ms]
2024-09-02 14:03:20.333 [info] No remotes found in the git config file.
2024-09-02 14:03:20.435 [info] > git for-each-ref --format=%(refname)%00%(upstream:short)%00%(objectname)%00%(upstream:track)%00%(upstream:remotename)%00%(upstream:remoteref) refs/heads/main refs/remotes/main [102ms]
2024-09-02 14:03:20.441 [warning] No such branch: main.
2024-09-02 14:03:20.588 [info] > git rev-parse refs/remotes/origin/main [388ms]
2024-09-02 14:03:20.855 [info] > git rev-parse --show-toplevel [432ms]
2024-09-02 14:03:21.115 [info] > git status -z -uall [529ms]
2024-09-02 14:03:21.115 [info] > git status -z -uall [400ms]
2024-09-02 14:03:21.116 [info] > git rev-parse --show-toplevel [147ms]
2024-09-02 14:03:25.251 [info] > git merge-base refs/heads/main refs/remotes/origin/main [4040ms]
2024-09-02 14:03:25.314 [info] > git config --get commit.template [362ms]
2024-09-02 14:03:25.316 [info] > git rev-parse --show-toplevel [454ms]
2024-09-02 14:03:25.609 [info] > git rev-list --count --left-right refs/heads/main...refs/remotes/origin/main [302ms]
2024-09-02 14:03:25.853 [info] > git rev-parse --show-toplevel [325ms]
2024-09-02 14:03:25.999 [info] > git for-each-ref --format=%(refname)%00%(upstream:short)%00%(objectname)%00%(upstream:track)%00%(upstream:remotename)%00%(upstream:remoteref) refs/heads/main refs/remotes/main [250ms]
2024-09-02 14:03:26.001 [info] > git diff --name-status -z --diff-filter=ADMR 4a9628160438b9117d4d5ae4bffc8e133359b468...refs/remotes/origin/main [314ms]
2024-09-02 14:03:26.109 [warning] ENOENT: no such file or directory, open '/home/reid_butler/python-docs-samples/.git/refs/remotes/origin/main'
2024-09-02 14:03:26.110 [info] > git rev-parse --show-toplevel [135ms]
2024-09-02 14:03:26.225 [info] > git rev-parse refs/remotes/origin/main [117ms]
2024-09-02 14:03:26.314 [info] > git rev-parse --show-toplevel [115ms]
2024-09-02 14:03:26.535 [info] > git status -z -uall [224ms]
2024-09-02 14:03:26.557 [info] > git rev-parse --show-toplevel [40ms]
2024-09-02 14:03:27.126 [info] > git rev-parse --show-toplevel [505ms]
2024-09-02 14:03:27.298 [info] > git show --textconv :video/live-stream/input_test.py [109ms]
2024-09-02 14:03:27.318 [info] > git ls-files --stage -- /home/reid_butler/python-docs-samples/video/live-stream/input_test.py [26ms]
2024-09-02 14:03:27.612 [info] > git cat-file -s 5bcb7225e9af8d2c650e48402ebb05065164f157 [172ms]
2024-09-02 14:06:14.884 [info] > git config --get commit.template [25ms]
2024-09-02 14:06:14.885 [info] > git for-each-ref --format=%(refname)%00%(upstream:short)%00%(objectname)%00%(upstream:track)%00%(upstream:remotename)%00%(upstream:remoteref) refs/heads/main refs/remotes/main [4ms]
2024-09-02 14:06:14.886 [warning] No such branch: main.
2024-09-02 14:06:14.961 [info] > git ls-files --stage -- /home/reid_butler/python-docs-samples/video/live-stream/input_test.py [12ms]
2024-09-02 14:06:15.006 [info] > git status -z -uall [98ms]
2024-09-02 14:06:15.007 [info] > git cat-file -s 5bcb7225e9af8d2c650e48402ebb05065164f157 [13ms]
2024-09-02 14:06:15.632 [info] > git show --textconv :video/live-stream/input_test.py [10ms]
2024-09-02 14:06:20.154 [info] > git config --get commit.template [27ms]
2024-09-02 14:06:20.154 [info] > git for-each-ref --format=%(refname)%00%(upstream:short)%00%(objectname)%00%(upstream:track)%00%(upstream:remotename)%00%(upstream:remoteref) refs/heads/main refs/remotes/main [3ms]
2024-09-02 14:06:20.154 [warning] No such branch: main.
2024-09-02 14:06:20.228 [info] > git status -z -uall [51ms]
2024-09-02 14:06:25.926 [info] > git merge-base refs/heads/main refs/remotes/origin/main [5ms]
2024-09-02 14:06:25.956 [info] > git rev-list --count --left-right refs/heads/main...refs/remotes/origin/main [3ms]
2024-09-02 14:06:26.736 [info] > git check-ignore -v -z --stdin [4ms]
2024-09-02 14:07:14.979 [info] > git for-each-ref --sort -committerdate --format %(refname) %(objectname) %(*objectname) [2ms]
2024-09-02 14:07:24.379 [info] > git for-each-ref --sort -committerdate --format %(refname) %(objectname) %(*objectname) [2ms]
2024-09-02 14:08:51.853 [info] > git config --get commit.template [4ms]
2024-09-02 14:08:51.874 [info] > git for-each-ref --format=%(refname)%00%(upstream:short)%00%(objectname)%00%(upstream:track)%00%(upstream:remotename)%00%(upstream:remoteref) refs/heads/main refs/remotes/main [3ms]
2024-09-02 14:08:51.875 [warning] No such branch: main.
2024-09-02 14:08:51.940 [info] > git status -z -uall [45ms]
2024-09-02 14:08:57.052 [info] > git config --get commit.template [28ms]
2024-09-02 14:08:57.052 [info] > git for-each-ref --format=%(refname)%00%(upstream:short)%00%(objectname)%00%(upstream:track)%00%(upstream:remotename)%00%(upstream:remoteref) refs/heads/main refs/remotes/main [2ms]
2024-09-02 14:08:57.053 [warning] No such branch: main.
2024-09-02 14:08:57.126 [info] > git status -z -uall [50ms]
2024-09-02 14:09:18.595 [info] > git show --textconv :.git/COMMIT_EDITMSG [22ms]
2024-09-02 14:09:18.598 [info] > git ls-files --stage -- /home/reid_butler/.git/COMMIT_EDITMSG [4ms]
2024-09-02 14:09:18.846 [info] > git check-ignore -v -z --stdin [4ms]
2024-09-02 14:09:18.915 [info] > git ls-files --stage -- /home/reid_butler/.git/COMMIT_EDITMSG [3ms]
2024-09-02 14:09:18.989 [info] > git show --textconv :.git/COMMIT_EDITMSG [3ms]
2024-09-02 14:10:50.434 [info] > git check-ignore -v -z --stdin [6ms]
2024-09-02 14:10:57.493 [info] > git -c user.useConfigOnly=true commit --quiet [100151ms]
2024-09-02 14:10:57.493 [info] Aborting commit due to empty commit message.
2024-09-02 14:10:57.546 [info] > git config --get commit.template [28ms]
2024-09-02 14:10:57.547 [info] > git for-each-ref --format=%(refname)%00%(upstream:short)%00%(objectname)%00%(upstream:track)%00%(upstream:remotename)%00%(upstream:remoteref) refs/heads/main refs/remotes/main [5ms]
2024-09-02 14:10:57.547 [warning] No such branch: main.
2024-09-02 14:10:57.616 [info] > git status -z -uall [46ms]
2024-09-02 14:10:57.741 [info] > git config --get commit.template [3ms]
2024-09-02 14:10:58.240 [info] > git show --textconv :video/live-stream/input_test.py [28ms]
2024-09-02 14:10:58.243 [info] > git for-each-ref --format=%(refname)%00%(upstream:short)%00%(objectname)%00%(upstream:track)%00%(upstream:remotename)%00%(upstream:remoteref) refs/heads/main refs/remotes/main [476ms]
2024-09-02 14:10:58.243 [warning] No such branch: main.
2024-09-02 14:10:58.282 [info] > git ls-files --stage -- /home/reid_butler/python-docs-samples/video/live-stream/input_test.py [43ms]
2024-09-02 14:10:58.338 [info] > git cat-file -s 5bcb7225e9af8d2c650e48402ebb05065164f157 [11ms]
2024-09-02 14:10:58.359 [info] > git status -z -uall [83ms]
2024-09-02 14:11:09.969 [info] > git for-each-ref --sort -committerdate --format %(refname) %(objectname) %(*objectname) [2ms]
2024-09-02 14:11:25.779 [info] > git check-ignore -v -z --stdin [12ms]
2024-09-02 14:11:26.830 [info] > git check-ignore -v -z --stdin [6ms]
2024-09-02 14:11:29.722 [info] > git check-ignore -v -z --stdin [4ms]
2024-09-02 14:11:30.932 [info] > git check-ignore -v -z --stdin [4ms]
2024-09-02 14:11:33.405 [info] > git check-ignore -v -z --stdin [4ms]
2024-09-02 14:11:34.909 [info] > git check-ignore -v -z --stdin [5ms]
2024-09-02 14:11:37.978 [info] > git check-ignore -v -z --stdin [4ms]
2024-09-02 14:11:39.004 [info] > git check-ignore -v -z --stdin [4ms]
2024-09-02 14:11:40.584 [info] > git check-ignore -v -z --stdin [4ms]
2024-09-02 14:11:42.080 [info] > git check-ignore -v -z --stdin [5ms]
2024-09-02 14:11:43.521 [info] > git check-ignore -v -z --stdin [5ms]
2024-09-02 14:12:38.854 [info] > git -c user.useConfigOnly=true commit --quiet --allow-empty-message --file - [569ms]
2024-09-02 14:12:38.880 [info] > git config --get commit.template [3ms]
2024-09-02 14:12:38.932 [info] > git config --get commit.template [25ms]
2024-09-02 14:12:38.933 [info] > git for-each-ref --format=%(refname)%00%(upstream:short)%00%(objectname)%00%(upstream:track)%00%(upstream:remotename)%00%(upstream:remoteref) refs/heads/main refs/remotes/main [5ms]
2024-09-02 14:12:38.999 [info] > git status -z -uall [43ms]
2024-09-02 14:12:39.260 [info] > git for-each-ref --format=%(refname)%00%(upstream:short)%00%(objectname)%00%(upstream:track)%00%(upstream:remotename)%00%(upstream:remoteref) refs/heads/main [33ms]
2024-09-02 14:12:39.289 [info] > git config --get commit.template [30ms]
2024-09-02 14:12:39.290 [info] > git for-each-ref --format=%(refname)%00%(upstream:short)%00%(objectname)%00%(upstream:track)%00%(upstream:remotename)%00%(upstream:remoteref) refs/heads/main [6ms]
2024-09-02 14:12:39.337 [info] > git config --local branch.main.vscode-merge-base [25ms]
2024-09-02 14:12:39.338 [warning] git config failed: Failed to execute git
2024-09-02 14:12:39.366 [info] > git reflog refs/heads/main --grep-reflog=branch: Created from *. [5ms]
2024-09-02 14:12:39.389 [info] > git for-each-ref --format=%(refname)%00%(upstream:short)%00%(objectname)%00%(upstream:track)%00%(upstream:remotename)%00%(upstream:remoteref) refs/heads/main refs/remotes/main [54ms]
2024-09-02 14:12:39.416 [info] > git symbolic-ref --short refs/remotes/origin/HEAD [28ms]
2024-09-02 14:12:39.417 [info] fatal: ref refs/remotes/origin/HEAD is not a symbolic ref
2024-09-02 14:12:39.418 [info] GitHistoryProvider:resolveHistoryItemGroupBase - Failed to resolve history item group base for 'refs/heads/main'
2024-09-02 14:12:39.418 [info] GitHistoryProvider:resolveHistoryItemGroupCommonAncestor - Failed to resolve history item group base for 'refs/heads/main'
2024-09-02 14:12:39.456 [info] > git status -z -uall [42ms]
2024-09-02 14:12:39.515 [info] > git config --get commit.template [28ms]
2024-09-02 14:12:39.540 [info] > git for-each-ref --format=%(refname)%00%(upstream:short)%00%(objectname)%00%(upstream:track)%00%(upstream:remotename)%00%(upstream:remoteref) refs/heads/main [29ms]
2024-09-02 14:12:39.583 [info] > git for-each-ref --format=%(refname)%00%(upstream:short)%00%(objectname)%00%(upstream:track)%00%(upstream:remotename)%00%(upstream:remoteref) refs/heads/main [20ms]
2024-09-02 14:12:39.608 [info] > git for-each-ref --format=%(refname)%00%(upstream:short)%00%(objectname)%00%(upstream:track)%00%(upstream:remotename)%00%(upstream:remoteref) refs/heads/main refs/remotes/main [69ms]
2024-09-02 14:12:39.634 [info] > git config --local branch.main.vscode-merge-base [26ms]
2024-09-02 14:12:39.634 [warning] git config failed: Failed to execute git
2024-09-02 14:12:39.677 [info] > git reflog refs/heads/main --grep-reflog=branch: Created from *. [6ms]
2024-09-02 14:12:39.705 [info] > git status -z -uall [74ms]
2024-09-02 14:12:39.710 [info] > git symbolic-ref --short refs/remotes/origin/HEAD [6ms]
2024-09-02 14:12:39.710 [info] fatal: ref refs/remotes/origin/HEAD is not a symbolic ref
2024-09-02 14:12:39.710 [info] GitHistoryProvider:resolveHistoryItemGroupBase - Failed to resolve history item group base for 'refs/heads/main'
2024-09-02 14:12:39.710 [info] GitHistoryProvider:resolveHistoryItemGroupCommonAncestor - Failed to resolve history item group base for 'refs/heads/main'
2024-09-02 14:12:39.803 [info] > git for-each-ref --format=%(refname)%00%(upstream:short)%00%(objectname)%00%(upstream:track)%00%(upstream:remotename)%00%(upstream:remoteref) refs/heads/main [3ms]
2024-09-02 14:12:39.849 [info] > git for-each-ref --format=%(refname)%00%(upstream:short)%00%(objectname)%00%(upstream:track)%00%(upstream:remotename)%00%(upstream:remoteref) refs/heads/main [22ms]
2024-09-02 14:12:39.876 [info] > git config --local branch.main.vscode-merge-base [3ms]
2024-09-02 14:12:39.877 [warning] git config failed: Failed to execute git
2024-09-02 14:12:39.904 [info] > git reflog refs/heads/main --grep-reflog=branch: Created from *. [4ms]
2024-09-02 14:12:39.930 [info] > git symbolic-ref --short refs/remotes/origin/HEAD [3ms]
2024-09-02 14:12:39.930 [info] fatal: ref refs/remotes/origin/HEAD is not a symbolic ref
2024-09-02 14:12:39.931 [info] GitHistoryProvider:resolveHistoryItemGroupBase - Failed to resolve history item group base for 'refs/heads/main'
2024-09-02 14:12:39.931 [info] GitHistoryProvider:resolveHistoryItemGroupCommonAncestor - Failed to resolve history item group base for 'refs/heads/main'
2024-09-02 14:12:40.267 [info] > git ls-files --stage -- /home/reid_butler/python-docs-samples/video/live-stream/input_test.py [4ms]
2024-09-02 14:12:40.291 [info] > git cat-file -s 5bcb7225e9af8d2c650e48402ebb05065164f157 [2ms]
2024-09-02 14:12:40.385 [info] > git show --textconv :video/live-stream/input_test.py [5ms]
2024-09-02 14:12:46.134 [info] > git for-each-ref --sort -committerdate --format %(refname) %(objectname) %(*objectname) [3ms]
2024-09-02 14:13:00.547 [info] > git checkout -q -b GCP-Transcode --no-track HEAD [32ms]
2024-09-02 14:13:00.596 [info] > git config --get commit.template [25ms]
2024-09-02 14:13:00.598 [info] > git for-each-ref --format=%(refname)%00%(upstream:short)%00%(objectname)%00%(upstream:track)%00%(upstream:remotename)%00%(upstream:remoteref) refs/heads/GCP-Transcode refs/remotes/GCP-Transcode [5ms]
2024-09-02 14:13:00.659 [info] > git status -z -uall [39ms]
2024-09-02 14:13:00.807 [info] > git for-each-ref --format=%(refname)%00%(upstream:short)%00%(objectname)%00%(upstream:track)%00%(upstream:remotename)%00%(upstream:remoteref) refs/heads/GCP-Transcode [5ms]
2024-09-02 14:13:00.834 [info] > git for-each-ref --format=%(refname)%00%(upstream:short)%00%(objectname)%00%(upstream:track)%00%(upstream:remotename)%00%(upstream:remoteref) refs/heads/GCP-Transcode [4ms]
2024-09-02 14:13:00.860 [info] > git config --local branch.GCP-Transcode.vscode-merge-base [3ms]
2024-09-02 14:13:00.861 [warning] git config failed: Failed to execute git
2024-09-02 14:13:00.888 [info] > git reflog refs/heads/GCP-Transcode --grep-reflog=branch: Created from *. [4ms]
2024-09-02 14:13:00.915 [info] > git reflog HEAD --grep-reflog=checkout: moving from .* to GCP-Transcode [3ms]
2024-09-02 14:13:00.940 [info] > git for-each-ref --format=%(refname)%00%(upstream:short)%00%(objectname)%00%(upstream:track)%00%(upstream:remotename)%00%(upstream:remoteref) refs/heads/main refs/remotes/main [2ms]
2024-09-02 14:13:00.967 [info] > git symbolic-ref --short refs/remotes/origin/HEAD [2ms]
2024-09-02 14:13:00.968 [info] fatal: ref refs/remotes/origin/HEAD is not a symbolic ref
2024-09-02 14:13:00.968 [info] GitHistoryProvider:resolveHistoryItemGroupBase - Failed to resolve history item group base for 'refs/heads/GCP-Transcode'
2024-09-02 14:13:00.969 [info] GitHistoryProvider:resolveHistoryItemGroupCommonAncestor - Failed to resolve history item group base for 'refs/heads/GCP-Transcode'
2024-09-02 14:13:01.049 [info] > git for-each-ref --format=%(refname)%00%(upstream:short)%00%(objectname)%00%(upstream:track)%00%(upstream:remotename)%00%(upstream:remoteref) refs/heads/GCP-Transcode [2ms]
2024-09-02 14:13:01.075 [info] > git for-each-ref --format=%(refname)%00%(upstream:short)%00%(objectname)%00%(upstream:track)%00%(upstream:remotename)%00%(upstream:remoteref) refs/heads/GCP-Transcode [3ms]
2024-09-02 14:13:01.102 [info] > git config --local branch.GCP-Transcode.vscode-merge-base [3ms]
2024-09-02 14:13:01.103 [warning] git config failed: Failed to execute git
2024-09-02 14:13:01.131 [info] > git reflog refs/heads/GCP-Transcode --grep-reflog=branch: Created from *. [5ms]
2024-09-02 14:13:01.160 [info] > git reflog HEAD --grep-reflog=checkout: moving from .* to GCP-Transcode [4ms]
2024-09-02 14:13:01.187 [info] > git for-each-ref --format=%(refname)%00%(upstream:short)%00%(objectname)%00%(upstream:track)%00%(upstream:remotename)%00%(upstream:remoteref) refs/heads/main refs/remotes/main [3ms]
2024-09-02 14:13:01.214 [info] > git symbolic-ref --short refs/remotes/origin/HEAD [3ms]
2024-09-02 14:13:01.214 [info] fatal: ref refs/remotes/origin/HEAD is not a symbolic ref
2024-09-02 14:13:01.214 [info] GitHistoryProvider:resolveHistoryItemGroupBase - Failed to resolve history item group base for 'refs/heads/GCP-Transcode'
2024-09-02 14:13:01.214 [info] GitHistoryProvider:resolveHistoryItemGroupCommonAncestor - Failed to resolve history item group base for 'refs/heads/GCP-Transcode'
2024-09-02 14:13:01.661 [info] > git check-ignore -v -z --stdin [7ms]
2024-09-02 14:13:01.987 [info] > git ls-files --stage -- /home/reid_butler/python-docs-samples/video/live-stream/input_test.py [4ms]
2024-09-02 14:13:02.013 [info] > git cat-file -s 5bcb7225e9af8d2c650e48402ebb05065164f157 [3ms]
2024-09-02 14:13:02.093 [info] > git show --textconv :video/live-stream/input_test.py [5ms]
2024-09-02 14:13:11.947 [info] > git for-each-ref --format=%(refname)%00%(upstream:short)%00%(objectname)%00%(upstream:track)%00%(upstream:remotename)%00%(upstream:remoteref) refs/heads/GCP-Transcode [4ms]
2024-09-02 14:13:11.974 [info] > git for-each-ref --format=%(refname)%00%(upstream:short)%00%(objectname)%00%(upstream:track)%00%(upstream:remotename)%00%(upstream:remoteref) refs/heads/GCP-Transcode [2ms]
2024-09-02 14:13:12.001 [info] > git config --local branch.GCP-Transcode.vscode-merge-base [2ms]
2024-09-02 14:13:12.001 [warning] git config failed: Failed to execute git
2024-09-02 14:13:12.029 [info] > git reflog refs/heads/GCP-Transcode --grep-reflog=branch: Created from *. [3ms]
2024-09-02 14:13:12.058 [info] > git reflog HEAD --grep-reflog=checkout: moving from .* to GCP-Transcode [6ms]
2024-09-02 14:13:12.085 [info] > git for-each-ref --format=%(refname)%00%(upstream:short)%00%(objectname)%00%(upstream:track)%00%(upstream:remotename)%00%(upstream:remoteref) refs/heads/main refs/remotes/main [3ms]
2024-09-02 14:13:12.111 [info] > git symbolic-ref --short refs/remotes/origin/HEAD [2ms]
2024-09-02 14:13:12.111 [info] fatal: ref refs/remotes/origin/HEAD is not a symbolic ref
2024-09-02 14:13:12.111 [info] GitHistoryProvider:resolveHistoryItemGroupBase - Failed to resolve history item group base for 'refs/heads/GCP-Transcode'
2024-09-02 14:13:12.111 [info] GitHistoryProvider:resolveHistoryItemGroupCommonAncestor - Failed to resolve history item group base for 'refs/heads/GCP-Transcode'
2024-09-02 14:13:12.195 [info] > git for-each-ref --format=%(refname)%00%(upstream:short)%00%(objectname)%00%(upstream:track)%00%(upstream:remotename)%00%(upstream:remoteref) refs/heads/GCP-Transcode [2ms]
2024-09-02 14:13:12.225 [info] > git for-each-ref --format=%(refname)%00%(upstream:short)%00%(objectname)%00%(upstream:track)%00%(upstream:remotename)%00%(upstream:remoteref) refs/heads/GCP-Transcode [2ms]
2024-09-02 14:13:12.253 [info] > git config --local branch.GCP-Transcode.vscode-merge-base [3ms]
2024-09-02 14:13:12.254 [warning] git config failed: Failed to execute git
2024-09-02 14:13:12.280 [info] > git reflog refs/heads/GCP-Transcode --grep-reflog=branch: Created from *. [4ms]
2024-09-02 14:13:12.306 [info] > git reflog HEAD --grep-reflog=checkout: moving from .* to GCP-Transcode [3ms]
2024-09-02 14:13:12.333 [info] > git for-each-ref --format=%(refname)%00%(upstream:short)%00%(objectname)%00%(upstream:track)%00%(upstream:remotename)%00%(upstream:remoteref) refs/heads/main refs/remotes/main [3ms]
2024-09-02 14:13:12.361 [info] > git symbolic-ref --short refs/remotes/origin/HEAD [3ms]
2024-09-02 14:13:12.361 [info] fatal: ref refs/remotes/origin/HEAD is not a symbolic ref
2024-09-02 14:13:12.362 [info] GitHistoryProvider:resolveHistoryItemGroupBase - Failed to resolve history item group base for 'refs/heads/GCP-Transcode'
2024-09-02 14:13:12.362 [info] GitHistoryProvider:resolveHistoryItemGroupCommonAncestor - Failed to resolve history item group base for 'refs/heads/GCP-Transcode'
2024-09-02 14:13:12.456 [info] > git add -A -- . [589ms]
2024-09-02 14:13:12.456 [info] warning: adding embedded git repository: python-docs-samples
hint: You've added another git repository inside your current repository.
hint: Clones of the outer repository will not contain the contents of
hint: the embedded repository and will not know how to obtain it.
hint: If you meant to add a submodule, use:
hint: 
hint: 	git submodule add <url> python-docs-samples
hint: 
hint: If you added this path by mistake, you can remove it from the
hint: index with:
hint: 
hint: 	git rm --cached python-docs-samples
hint: 
hint: See "git help submodule" for more information.
2024-09-02 14:13:13.235 [info] > git show --textconv :.git/COMMIT_EDITMSG [20ms]
2024-09-02 14:13:13.237 [info] > git ls-files --stage -- /home/reid_butler/.git/COMMIT_EDITMSG [4ms]
2024-09-02 14:13:14.064 [info] > git ls-files --stage -- /home/reid_butler/.git/COMMIT_EDITMSG [4ms]
2024-09-02 14:13:14.144 [info] > git show --textconv :.git/COMMIT_EDITMSG [4ms]
2024-09-02 14:13:33.812 [info] > git ls-files --stage -- /home/reid_butler/.git/COMMIT_EDITMSG [3ms]
2024-09-02 14:13:33.886 [info] > git show --textconv :.git/COMMIT_EDITMSG [4ms]
2024-09-02 14:13:37.466 [info] > git ls-files --stage -- /home/reid_butler/.git/COMMIT_EDITMSG [4ms]
2024-09-02 14:13:37.541 [info] > git show --textconv :.git/COMMIT_EDITMSG [3ms]
2024-09-02 14:13:40.523 [info] > git ls-files --stage -- /home/reid_butler/.git/COMMIT_EDITMSG [4ms]
2024-09-02 14:13:40.597 [info] > git show --textconv :.git/COMMIT_EDITMSG [4ms]
2024-09-02 14:14:04.466 [info] > git ls-files --stage -- /home/reid_butler/.git/COMMIT_EDITMSG [3ms]
2024-09-02 14:14:04.537 [info] > git show --textconv :.git/COMMIT_EDITMSG [5ms]
2024-09-02 14:14:08.008 [info] > git check-ignore -v -z --stdin [5ms]
2024-09-02 14:15:21.291 [info] > git ls-files --stage -- /home/reid_butler/.git/COMMIT_EDITMSG [4ms]
2024-09-02 14:15:21.364 [info] > git show --textconv :.git/COMMIT_EDITMSG [3ms]
2024-09-02 14:15:37.926 [info] > git ls-files --stage -- /home/reid_butler/.git/COMMIT_EDITMSG [3ms]
2024-09-02 14:15:38.005 [info] > git show --textconv :.git/COMMIT_EDITMSG [4ms]
2024-09-02 14:16:09.223 [info] > git for-each-ref --format=%(refname)%00%(upstream:short)%00%(objectname)%00%(upstream:track)%00%(upstream:remotename)%00%(upstream:remoteref) refs/heads/GCP-Transcode [3ms]
2024-09-02 14:16:09.244 [info] > git for-each-ref --format=%(refname)%00%(upstream:short)%00%(objectname)%00%(upstream:track)%00%(upstream:remotename)%00%(upstream:remoteref) refs/heads/GCP-Transcode [2ms]
2024-09-02 14:16:09.266 [info] > git config --local branch.GCP-Transcode.vscode-merge-base [2ms]
2024-09-02 14:16:09.266 [warning] git config failed: Failed to execute git
2024-09-02 14:16:09.287 [info] > git reflog refs/heads/GCP-Transcode --grep-reflog=branch: Created from *. [3ms]
2024-09-02 14:16:09.307 [info] > git reflog HEAD --grep-reflog=checkout: moving from .* to GCP-Transcode [2ms]
2024-09-02 14:16:09.327 [info] > git for-each-ref --format=%(refname)%00%(upstream:short)%00%(objectname)%00%(upstream:track)%00%(upstream:remotename)%00%(upstream:remoteref) refs/heads/main refs/remotes/main [2ms]
2024-09-02 14:16:09.349 [info] > git symbolic-ref --short refs/remotes/origin/HEAD [2ms]
2024-09-02 14:16:09.349 [info] fatal: ref refs/remotes/origin/HEAD is not a symbolic ref
2024-09-02 14:16:09.349 [info] GitHistoryProvider:resolveHistoryItemGroupBase - Failed to resolve history item group base for 'refs/heads/GCP-Transcode'
2024-09-02 14:16:09.350 [info] GitHistoryProvider:resolveHistoryItemGroupCommonAncestor - Failed to resolve history item group base for 'refs/heads/GCP-Transcode'
2024-09-02 14:21:46.349 [info] > git show --textconv :video/live-stream/input_test.py [31ms]
2024-09-02 14:21:46.352 [info] > git ls-files --stage -- /home/reid_butler/python-docs-samples/video/live-stream/input_test.py [7ms]
2024-09-02 14:21:46.399 [info] > git cat-file -s 5bcb7225e9af8d2c650e48402ebb05065164f157 [11ms]
2024-09-02 14:21:51.734 [info] > git show --textconv :.git/COMMIT_EDITMSG [26ms]
2024-09-02 14:21:51.738 [info] > git ls-files --stage -- /home/reid_butler/.git/COMMIT_EDITMSG [6ms]
2024-09-02 14:21:58.489 [info] > git check-ignore -v -z --stdin [4ms]
2024-09-02 14:22:18.064 [info] > git check-ignore -v -z --stdin [15ms]
2024-09-02 14:22:18.703 [info] > git check-ignore -v -z --stdin [5ms]
2024-09-02 14:23:07.261 [info] > git -c user.useConfigOnly=true commit --quiet [594783ms]
2024-09-02 14:23:07.261 [info] Aborting commit due to empty commit message.
2024-09-02 14:23:07.316 [info] > git for-each-ref --format=%(refname)%00%(upstream:short)%00%(objectname)%00%(upstream:track)%00%(upstream:remotename)%00%(upstream:remoteref) refs/heads/GCP-Transcode refs/remotes/GCP-Transcode [6ms]
2024-09-02 14:23:07.317 [info] > git config --get commit.template [31ms]
2024-09-02 14:23:07.427 [info] > git status -z -uall [86ms]
2024-09-02 14:23:07.526 [info] > git show --textconv :video/live-stream/input_test.py [33ms]
2024-09-02 14:23:07.527 [info] > git ls-files --stage -- /home/reid_butler/python-docs-samples/video/live-stream/input_test.py [10ms]
2024-09-02 14:23:07.561 [info] > git config --get commit.template [96ms]
2024-09-02 14:23:07.612 [info] > git cat-file -s 5bcb7225e9af8d2c650e48402ebb05065164f157 [52ms]
2024-09-02 14:23:07.614 [info] > git for-each-ref --format=%(refname)%00%(upstream:short)%00%(objectname)%00%(upstream:track)%00%(upstream:remotename)%00%(upstream:remoteref) refs/heads/GCP-Transcode refs/remotes/GCP-Transcode [9ms]
2024-09-02 14:23:07.709 [info] > git status -z -uall [76ms]
2024-09-02 14:23:16.337 [info] > git for-each-ref --format=%(refname)%00%(upstream:short)%00%(objectname)%00%(upstream:track)%00%(upstream:remotename)%00%(upstream:remoteref) refs/heads/GCP-Transcode [3ms]
2024-09-02 14:23:16.359 [info] > git for-each-ref --format=%(refname)%00%(upstream:short)%00%(objectname)%00%(upstream:track)%00%(upstream:remotename)%00%(upstream:remoteref) refs/heads/GCP-Transcode [2ms]
2024-09-02 14:23:16.380 [info] > git config --local branch.GCP-Transcode.vscode-merge-base [2ms]
2024-09-02 14:23:16.380 [warning] git config failed: Failed to execute git
2024-09-02 14:23:16.402 [info] > git reflog refs/heads/GCP-Transcode --grep-reflog=branch: Created from *. [3ms]
2024-09-02 14:23:16.423 [info] > git reflog HEAD --grep-reflog=checkout: moving from .* to GCP-Transcode [2ms]
2024-09-02 14:23:16.445 [info] > git for-each-ref --format=%(refname)%00%(upstream:short)%00%(objectname)%00%(upstream:track)%00%(upstream:remotename)%00%(upstream:remoteref) refs/heads/main refs/remotes/main [2ms]
2024-09-02 14:23:16.469 [info] > git symbolic-ref --short refs/remotes/origin/HEAD [2ms]
2024-09-02 14:23:16.469 [info] fatal: ref refs/remotes/origin/HEAD is not a symbolic ref
2024-09-02 14:23:16.470 [info] GitHistoryProvider:resolveHistoryItemGroupBase - Failed to resolve history item group base for 'refs/heads/GCP-Transcode'
2024-09-02 14:23:16.470 [info] GitHistoryProvider:resolveHistoryItemGroupCommonAncestor - Failed to resolve history item group base for 'refs/heads/GCP-Transcode'
2024-09-02 14:23:16.580 [info] > git for-each-ref --format=%(refname)%00%(upstream:short)%00%(objectname)%00%(upstream:track)%00%(upstream:remotename)%00%(upstream:remoteref) refs/heads/GCP-Transcode [5ms]
2024-09-02 14:23:16.602 [info] > git for-each-ref --format=%(refname)%00%(upstream:short)%00%(objectname)%00%(upstream:track)%00%(upstream:remotename)%00%(upstream:remoteref) refs/heads/GCP-Transcode [3ms]
2024-09-02 14:23:16.625 [info] > git config --local branch.GCP-Transcode.vscode-merge-base [2ms]
2024-09-02 14:23:16.625 [warning] git config failed: Failed to execute git
2024-09-02 14:23:16.647 [info] > git reflog refs/heads/GCP-Transcode --grep-reflog=branch: Created from *. [3ms]
2024-09-02 14:23:16.668 [info] > git reflog HEAD --grep-reflog=checkout: moving from .* to GCP-Transcode [3ms]
2024-09-02 14:23:16.689 [info] > git for-each-ref --format=%(refname)%00%(upstream:short)%00%(objectname)%00%(upstream:track)%00%(upstream:remotename)%00%(upstream:remoteref) refs/heads/main refs/remotes/main [3ms]
2024-09-02 14:23:16.710 [info] > git symbolic-ref --short refs/remotes/origin/HEAD [2ms]
2024-09-02 14:23:16.710 [info] fatal: ref refs/remotes/origin/HEAD is not a symbolic ref
2024-09-02 14:23:16.710 [info] GitHistoryProvider:resolveHistoryItemGroupBase - Failed to resolve history item group base for 'refs/heads/GCP-Transcode'
2024-09-02 14:23:16.711 [info] GitHistoryProvider:resolveHistoryItemGroupCommonAncestor - Failed to resolve history item group base for 'refs/heads/GCP-Transcode'
2024-09-02 14:23:21.421 [info] > git for-each-ref --format=%(refname)%00%(upstream:short)%00%(objectname)%00%(upstream:track)%00%(upstream:remotename)%00%(upstream:remoteref) refs/heads/GCP-Transcode [5ms]
2024-09-02 14:23:21.445 [info] > git for-each-ref --format=%(refname)%00%(upstream:short)%00%(objectname)%00%(upstream:track)%00%(upstream:remotename)%00%(upstream:remoteref) refs/heads/GCP-Transcode [2ms]
2024-09-02 14:23:21.466 [info] > git config --local branch.GCP-Transcode.vscode-merge-base [2ms]
2024-09-02 14:23:21.467 [warning] git config failed: Failed to execute git
2024-09-02 14:23:21.489 [info] > git reflog refs/heads/GCP-Transcode --grep-reflog=branch: Created from *. [3ms]
2024-09-02 14:23:21.510 [info] > git reflog HEAD --grep-reflog=checkout: moving from .* to GCP-Transcode [3ms]
2024-09-02 14:23:21.532 [info] > git for-each-ref --format=%(refname)%00%(upstream:short)%00%(objectname)%00%(upstream:track)%00%(upstream:remotename)%00%(upstream:remoteref) refs/heads/main refs/remotes/main [3ms]
2024-09-02 14:23:21.571 [info] > git symbolic-ref --short refs/remotes/origin/HEAD [4ms]
2024-09-02 14:23:21.571 [info] fatal: ref refs/remotes/origin/HEAD is not a symbolic ref
2024-09-02 14:23:21.572 [info] GitHistoryProvider:resolveHistoryItemGroupBase - Failed to resolve history item group base for 'refs/heads/GCP-Transcode'
2024-09-02 14:23:21.572 [info] GitHistoryProvider:resolveHistoryItemGroupCommonAncestor - Failed to resolve history item group base for 'refs/heads/GCP-Transcode'
2024-09-02 14:23:21.660 [info] > git for-each-ref --format=%(refname)%00%(upstream:short)%00%(objectname)%00%(upstream:track)%00%(upstream:remotename)%00%(upstream:remoteref) refs/heads/GCP-Transcode [4ms]
2024-09-02 14:23:21.681 [info] > git for-each-ref --format=%(refname)%00%(upstream:short)%00%(objectname)%00%(upstream:track)%00%(upstream:remotename)%00%(upstream:remoteref) refs/heads/GCP-Transcode [3ms]
2024-09-02 14:23:21.702 [info] > git config --local branch.GCP-Transcode.vscode-merge-base [2ms]
2024-09-02 14:23:21.702 [warning] git config failed: Failed to execute git
2024-09-02 14:23:21.723 [info] > git reflog refs/heads/GCP-Transcode --grep-reflog=branch: Created from *. [3ms]
2024-09-02 14:23:21.746 [info] > git reflog HEAD --grep-reflog=checkout: moving from .* to GCP-Transcode [5ms]
2024-09-02 14:23:21.768 [info] > git for-each-ref --format=%(refname)%00%(upstream:short)%00%(objectname)%00%(upstream:track)%00%(upstream:remotename)%00%(upstream:remoteref) refs/heads/main refs/remotes/main [3ms]
2024-09-02 14:23:21.788 [info] > git symbolic-ref --short refs/remotes/origin/HEAD [2ms]
2024-09-02 14:23:21.789 [info] fatal: ref refs/remotes/origin/HEAD is not a symbolic ref
2024-09-02 14:23:21.789 [info] GitHistoryProvider:resolveHistoryItemGroupBase - Failed to resolve history item group base for 'refs/heads/GCP-Transcode'
2024-09-02 14:23:21.789 [info] GitHistoryProvider:resolveHistoryItemGroupCommonAncestor - Failed to resolve history item group base for 'refs/heads/GCP-Transcode'
2024-09-02 14:27:58.601 [info] > git ls-files --stage -- /home/reid_butler/python-docs-samples/video/live-stream/input_test.py [5ms]
2024-09-02 14:27:58.627 [info] > git cat-file -s 5bcb7225e9af8d2c650e48402ebb05065164f157 [2ms]
2024-09-02 14:27:58.734 [info] > git show --textconv :video/live-stream/input_test.py [5ms]
2024-09-02 14:28:12.589 [info] > git for-each-ref --format=%(refname)%00%(upstream:short)%00%(objectname)%00%(upstream:track)%00%(upstream:remotename)%00%(upstream:remoteref) refs/heads/GCP-Transcode [9ms]
2024-09-02 14:28:12.614 [info] > git for-each-ref --format=%(refname)%00%(upstream:short)%00%(objectname)%00%(upstream:track)%00%(upstream:remotename)%00%(upstream:remoteref) refs/heads/GCP-Transcode [2ms]
2024-09-02 14:28:12.636 [info] > git config --local branch.GCP-Transcode.vscode-merge-base [2ms]
2024-09-02 14:28:12.637 [warning] git config failed: Failed to execute git
2024-09-02 14:28:12.661 [info] > git reflog refs/heads/GCP-Transcode --grep-reflog=branch: Created from *. [4ms]
2024-09-02 14:28:12.683 [info] > git reflog HEAD --grep-reflog=checkout: moving from .* to GCP-Transcode [3ms]
2024-09-02 14:28:12.705 [info] > git for-each-ref --format=%(refname)%00%(upstream:short)%00%(objectname)%00%(upstream:track)%00%(upstream:remotename)%00%(upstream:remoteref) refs/heads/main refs/remotes/main [2ms]
2024-09-02 14:28:12.727 [info] > git symbolic-ref --short refs/remotes/origin/HEAD [3ms]
2024-09-02 14:28:12.727 [info] fatal: ref refs/remotes/origin/HEAD is not a symbolic ref
2024-09-02 14:28:12.728 [info] GitHistoryProvider:resolveHistoryItemGroupBase - Failed to resolve history item group base for 'refs/heads/GCP-Transcode'
2024-09-02 14:28:12.728 [info] GitHistoryProvider:resolveHistoryItemGroupCommonAncestor - Failed to resolve history item group base for 'refs/heads/GCP-Transcode'
2024-09-02 14:28:14.232 [info] > git for-each-ref --format=%(refname)%00%(upstream:short)%00%(objectname)%00%(upstream:track)%00%(upstream:remotename)%00%(upstream:remoteref) refs/heads/GCP-Transcode [3ms]
2024-09-02 14:28:14.260 [info] > git for-each-ref --format=%(refname)%00%(upstream:short)%00%(objectname)%00%(upstream:track)%00%(upstream:remotename)%00%(upstream:remoteref) refs/heads/GCP-Transcode [3ms]
2024-09-02 14:28:14.288 [info] > git config --local branch.GCP-Transcode.vscode-merge-base [2ms]
2024-09-02 14:28:14.289 [warning] git config failed: Failed to execute git
2024-09-02 14:28:14.317 [info] > git reflog refs/heads/GCP-Transcode --grep-reflog=branch: Created from *. [4ms]
2024-09-02 14:28:14.345 [info] > git reflog HEAD --grep-reflog=checkout: moving from .* to GCP-Transcode [3ms]
2024-09-02 14:28:14.374 [info] > git for-each-ref --format=%(refname)%00%(upstream:short)%00%(objectname)%00%(upstream:track)%00%(upstream:remotename)%00%(upstream:remoteref) refs/heads/main refs/remotes/main [3ms]
2024-09-02 14:28:14.403 [info] > git symbolic-ref --short refs/remotes/origin/HEAD [4ms]
2024-09-02 14:28:14.403 [info] fatal: ref refs/remotes/origin/HEAD is not a symbolic ref
2024-09-02 14:28:14.404 [info] GitHistoryProvider:resolveHistoryItemGroupBase - Failed to resolve history item group base for 'refs/heads/GCP-Transcode'
2024-09-02 14:28:14.404 [info] GitHistoryProvider:resolveHistoryItemGroupCommonAncestor - Failed to resolve history item group base for 'refs/heads/GCP-Transcode'
2024-09-02 14:28:14.503 [info] > git for-each-ref --format=%(refname)%00%(upstream:short)%00%(objectname)%00%(upstream:track)%00%(upstream:remotename)%00%(upstream:remoteref) refs/heads/GCP-Transcode [3ms]
2024-09-02 14:28:14.531 [info] > git for-each-ref --format=%(refname)%00%(upstream:short)%00%(objectname)%00%(upstream:track)%00%(upstream:remotename)%00%(upstream:remoteref) refs/heads/GCP-Transcode [4ms]
2024-09-02 14:28:14.558 [info] > git config --local branch.GCP-Transcode.vscode-merge-base [2ms]
2024-09-02 14:28:14.558 [warning] git config failed: Failed to execute git
2024-09-02 14:28:14.587 [info] > git reflog refs/heads/GCP-Transcode --grep-reflog=branch: Created from *. [3ms]
2024-09-02 14:28:14.617 [info] > git reflog HEAD --grep-reflog=checkout: moving from .* to GCP-Transcode [3ms]
2024-09-02 14:28:14.645 [info] > git for-each-ref --format=%(refname)%00%(upstream:short)%00%(objectname)%00%(upstream:track)%00%(upstream:remotename)%00%(upstream:remoteref) refs/heads/main refs/remotes/main [3ms]
2024-09-02 14:28:14.672 [info] > git symbolic-ref --short refs/remotes/origin/HEAD [3ms]
2024-09-02 14:28:14.672 [info] fatal: ref refs/remotes/origin/HEAD is not a symbolic ref
2024-09-02 14:28:14.673 [info] GitHistoryProvider:resolveHistoryItemGroupBase - Failed to resolve history item group base for 'refs/heads/GCP-Transcode'
2024-09-02 14:28:14.673 [info] GitHistoryProvider:resolveHistoryItemGroupCommonAncestor - Failed to resolve history item group base for 'refs/heads/GCP-Transcode'
2024-09-02 14:28:23.455 [info] > git for-each-ref --format=%(refname)%00%(upstream:short)%00%(objectname)%00%(upstream:track)%00%(upstream:remotename)%00%(upstream:remoteref) refs/heads/GCP-Transcode [10ms]
2024-09-02 14:28:23.498 [info] > git for-each-ref --format=%(refname)%00%(upstream:short)%00%(objectname)%00%(upstream:track)%00%(upstream:remotename)%00%(upstream:remoteref) refs/heads/GCP-Transcode [5ms]
2024-09-02 14:28:23.546 [info] > git config --local branch.GCP-Transcode.vscode-merge-base [7ms]
2024-09-02 14:28:23.546 [warning] git config failed: Failed to execute git
2024-09-02 14:28:23.588 [info] > git reflog refs/heads/GCP-Transcode --grep-reflog=branch: Created from *. [8ms]
2024-09-02 14:28:23.618 [info] > git reflog HEAD --grep-reflog=checkout: moving from .* to GCP-Transcode [5ms]
2024-09-02 14:28:23.647 [info] > git for-each-ref --format=%(refname)%00%(upstream:short)%00%(objectname)%00%(upstream:track)%00%(upstream:remotename)%00%(upstream:remoteref) refs/heads/main refs/remotes/main [3ms]
2024-09-02 14:28:23.677 [info] > git symbolic-ref --short refs/remotes/origin/HEAD [2ms]
2024-09-02 14:28:23.677 [info] fatal: ref refs/remotes/origin/HEAD is not a symbolic ref
2024-09-02 14:28:23.677 [info] GitHistoryProvider:resolveHistoryItemGroupBase - Failed to resolve history item group base for 'refs/heads/GCP-Transcode'
2024-09-02 14:28:23.678 [info] GitHistoryProvider:resolveHistoryItemGroupCommonAncestor - Failed to resolve history item group base for 'refs/heads/GCP-Transcode'
2024-09-02 14:28:23.789 [info] > git for-each-ref --format=%(refname)%00%(upstream:short)%00%(objectname)%00%(upstream:track)%00%(upstream:remotename)%00%(upstream:remoteref) refs/heads/GCP-Transcode [8ms]
2024-09-02 14:28:23.819 [info] > git for-each-ref --format=%(refname)%00%(upstream:short)%00%(objectname)%00%(upstream:track)%00%(upstream:remotename)%00%(upstream:remoteref) refs/heads/GCP-Transcode [3ms]
2024-09-02 14:28:23.847 [info] > git config --local branch.GCP-Transcode.vscode-merge-base [2ms]
2024-09-02 14:28:23.847 [warning] git config failed: Failed to execute git
2024-09-02 14:28:23.911 [info] > git reflog refs/heads/GCP-Transcode --grep-reflog=branch: Created from *. [39ms]
2024-09-02 14:28:23.940 [info] > git reflog HEAD --grep-reflog=checkout: moving from .* to GCP-Transcode [5ms]
2024-09-02 14:28:23.969 [info] > git for-each-ref --format=%(refname)%00%(upstream:short)%00%(objectname)%00%(upstream:track)%00%(upstream:remotename)%00%(upstream:remoteref) refs/heads/main refs/remotes/main [3ms]
2024-09-02 14:28:24.001 [info] > git symbolic-ref --short refs/remotes/origin/HEAD [6ms]
2024-09-02 14:28:24.002 [info] fatal: ref refs/remotes/origin/HEAD is not a symbolic ref
2024-09-02 14:28:24.002 [info] GitHistoryProvider:resolveHistoryItemGroupBase - Failed to resolve history item group base for 'refs/heads/GCP-Transcode'
2024-09-02 14:28:24.002 [info] GitHistoryProvider:resolveHistoryItemGroupCommonAncestor - Failed to resolve history item group base for 'refs/heads/GCP-Transcode'
2024-09-02 14:28:24.162 [info] > git show --textconv :.git/COMMIT_EDITMSG [22ms]
2024-09-02 14:28:24.165 [info] > git ls-files --stage -- /home/reid_butler/.git/COMMIT_EDITMSG [4ms]
2024-09-02 14:28:25.065 [info] > git ls-files --stage -- /home/reid_butler/.git/COMMIT_EDITMSG [3ms]
2024-09-02 14:28:25.143 [info] > git show --textconv :.git/COMMIT_EDITMSG [4ms]
2024-09-02 14:29:02.178 [info] > git push -u origin GCP-Transcode [340840ms]
2024-09-02 14:29:02.179 [info] remote: Support for password authentication was removed on August 13, 2021.
remote: Please see https://docs.github.com/get-started/getting-started-with-git/about-remote-repositories#cloning-with-https-urls for information on currently recommended modes of authentication.
fatal: Authentication failed for 'https://github.com/reid-butler-fsly/fastly_demos.git/'
2024-09-02 14:29:02.232 [info] > git config --get commit.template [26ms]
2024-09-02 14:29:02.234 [info] > git for-each-ref --format=%(refname)%00%(upstream:short)%00%(objectname)%00%(upstream:track)%00%(upstream:remotename)%00%(upstream:remoteref) refs/heads/GCP-Transcode refs/remotes/GCP-Transcode [3ms]
2024-09-02 14:29:02.341 [info] > git status -z -uall [82ms]
2024-09-02 14:29:02.525 [info] > git for-each-ref --format=%(refname)%00%(upstream:short)%00%(objectname)%00%(upstream:track)%00%(upstream:remotename)%00%(upstream:remoteref) refs/heads/GCP-Transcode [5ms]
2024-09-02 14:29:02.554 [info] > git for-each-ref --format=%(refname)%00%(upstream:short)%00%(objectname)%00%(upstream:track)%00%(upstream:remotename)%00%(upstream:remoteref) refs/heads/GCP-Transcode [3ms]
2024-09-02 14:29:02.582 [info] > git config --local branch.GCP-Transcode.vscode-merge-base [3ms]
2024-09-02 14:29:02.582 [warning] git config failed: Failed to execute git
2024-09-02 14:29:02.610 [info] > git reflog refs/heads/GCP-Transcode --grep-reflog=branch: Created from *. [3ms]
2024-09-02 14:29:02.638 [info] > git reflog HEAD --grep-reflog=checkout: moving from .* to GCP-Transcode [3ms]
2024-09-02 14:29:02.667 [info] > git for-each-ref --format=%(refname)%00%(upstream:short)%00%(objectname)%00%(upstream:track)%00%(upstream:remotename)%00%(upstream:remoteref) refs/heads/main refs/remotes/main [3ms]
2024-09-02 14:29:02.694 [info] > git symbolic-ref --short refs/remotes/origin/HEAD [3ms]
2024-09-02 14:29:02.694 [info] fatal: ref refs/remotes/origin/HEAD is not a symbolic ref
2024-09-02 14:29:02.694 [info] GitHistoryProvider:resolveHistoryItemGroupBase - Failed to resolve history item group base for 'refs/heads/GCP-Transcode'
2024-09-02 14:29:02.694 [info] GitHistoryProvider:resolveHistoryItemGroupCommonAncestor - Failed to resolve history item group base for 'refs/heads/GCP-Transcode'
2024-09-02 14:29:02.791 [info] > git for-each-ref --format=%(refname)%00%(upstream:short)%00%(objectname)%00%(upstream:track)%00%(upstream:remotename)%00%(upstream:remoteref) refs/heads/GCP-Transcode [2ms]
2024-09-02 14:29:02.818 [info] > git for-each-ref --format=%(refname)%00%(upstream:short)%00%(objectname)%00%(upstream:track)%00%(upstream:remotename)%00%(upstream:remoteref) refs/heads/GCP-Transcode [3ms]
2024-09-02 14:29:02.848 [info] > git config --local branch.GCP-Transcode.vscode-merge-base [3ms]
2024-09-02 14:29:02.848 [warning] git config failed: Failed to execute git
2024-09-02 14:29:02.877 [info] > git reflog refs/heads/GCP-Transcode --grep-reflog=branch: Created from *. [4ms]
2024-09-02 14:29:02.904 [info] > git reflog HEAD --grep-reflog=checkout: moving from .* to GCP-Transcode [3ms]
2024-09-02 14:29:02.933 [info] > git for-each-ref --format=%(refname)%00%(upstream:short)%00%(objectname)%00%(upstream:track)%00%(upstream:remotename)%00%(upstream:remoteref) refs/heads/main refs/remotes/main [3ms]
2024-09-02 14:29:02.961 [info] > git symbolic-ref --short refs/remotes/origin/HEAD [3ms]
2024-09-02 14:29:02.961 [info] fatal: ref refs/remotes/origin/HEAD is not a symbolic ref
2024-09-02 14:29:02.961 [info] GitHistoryProvider:resolveHistoryItemGroupBase - Failed to resolve history item group base for 'refs/heads/GCP-Transcode'
2024-09-02 14:29:02.961 [info] GitHistoryProvider:resolveHistoryItemGroupCommonAncestor - Failed to resolve history item group base for 'refs/heads/GCP-Transcode'
2024-09-02 14:29:28.312 [info] > git -c user.useConfigOnly=true commit --quiet [64961ms]
2024-09-02 14:29:28.312 [info] Aborting commit due to empty commit message.
2024-09-02 14:29:28.353 [info] > git config --get commit.template [21ms]
2024-09-02 14:29:28.355 [info] > git for-each-ref --format=%(refname)%00%(upstream:short)%00%(objectname)%00%(upstream:track)%00%(upstream:remotename)%00%(upstream:remoteref) refs/heads/GCP-Transcode refs/remotes/GCP-Transcode [3ms]
2024-09-02 14:29:28.454 [info] > git status -z -uall [81ms]
2024-09-02 14:29:28.504 [info] > git config --get commit.template [21ms]
2024-09-02 14:29:28.505 [info] > git for-each-ref --format=%(refname)%00%(upstream:short)%00%(objectname)%00%(upstream:track)%00%(upstream:remotename)%00%(upstream:remoteref) refs/heads/GCP-Transcode refs/remotes/GCP-Transcode [3ms]
2024-09-02 14:29:28.668 [info] > git status -z -uall [145ms]
2024-09-02 14:29:28.668 [info] > git show --textconv :video/live-stream/input_test.py [27ms]
2024-09-02 14:29:28.669 [info] > git ls-files --stage -- /home/reid_butler/python-docs-samples/video/live-stream/input_test.py [7ms]
2024-09-02 14:29:28.696 [info] > git for-each-ref --format=%(refname)%00%(upstream:short)%00%(objectname)%00%(upstream:track)%00%(upstream:remotename)%00%(upstream:remoteref) refs/heads/GCP-Transcode [83ms]
2024-09-02 14:29:28.722 [info] > git for-each-ref --format=%(refname)%00%(upstream:short)%00%(objectname)%00%(upstream:track)%00%(upstream:remotename)%00%(upstream:remoteref) refs/heads/GCP-Transcode [7ms]
2024-09-02 14:29:28.741 [info] > git cat-file -s 5bcb7225e9af8d2c650e48402ebb05065164f157 [46ms]
2024-09-02 14:29:28.745 [info] > git config --local branch.GCP-Transcode.vscode-merge-base [5ms]
2024-09-02 14:29:28.745 [warning] git config failed: Failed to execute git
2024-09-02 14:29:28.766 [info] > git reflog refs/heads/GCP-Transcode --grep-reflog=branch: Created from *. [3ms]
2024-09-02 14:29:28.791 [info] > git reflog HEAD --grep-reflog=checkout: moving from .* to GCP-Transcode [5ms]
2024-09-02 14:29:28.813 [info] > git for-each-ref --format=%(refname)%00%(upstream:short)%00%(objectname)%00%(upstream:track)%00%(upstream:remotename)%00%(upstream:remoteref) refs/heads/main refs/remotes/main [4ms]
2024-09-02 14:29:28.850 [info] > git symbolic-ref --short refs/remotes/origin/HEAD [18ms]
2024-09-02 14:29:28.850 [info] fatal: ref refs/remotes/origin/HEAD is not a symbolic ref
2024-09-02 14:29:28.850 [info] GitHistoryProvider:resolveHistoryItemGroupBase - Failed to resolve history item group base for 'refs/heads/GCP-Transcode'
2024-09-02 14:29:28.850 [info] GitHistoryProvider:resolveHistoryItemGroupCommonAncestor - Failed to resolve history item group base for 'refs/heads/GCP-Transcode'
2024-09-02 14:29:28.930 [info] > git for-each-ref --format=%(refname)%00%(upstream:short)%00%(objectname)%00%(upstream:track)%00%(upstream:remotename)%00%(upstream:remoteref) refs/heads/GCP-Transcode [2ms]
2024-09-02 14:29:28.951 [info] > git for-each-ref --format=%(refname)%00%(upstream:short)%00%(objectname)%00%(upstream:track)%00%(upstream:remotename)%00%(upstream:remoteref) refs/heads/GCP-Transcode [2ms]
2024-09-02 14:29:28.972 [info] > git config --local branch.GCP-Transcode.vscode-merge-base [1ms]
2024-09-02 14:29:28.972 [warning] git config failed: Failed to execute git
2024-09-02 14:29:28.997 [info] > git reflog refs/heads/GCP-Transcode --grep-reflog=branch: Created from *. [3ms]
2024-09-02 14:29:29.018 [info] > git reflog HEAD --grep-reflog=checkout: moving from .* to GCP-Transcode [3ms]
2024-09-02 14:29:29.041 [info] > git for-each-ref --format=%(refname)%00%(upstream:short)%00%(objectname)%00%(upstream:track)%00%(upstream:remotename)%00%(upstream:remoteref) refs/heads/main refs/remotes/main [4ms]
2024-09-02 14:29:29.069 [info] > git symbolic-ref --short refs/remotes/origin/HEAD [3ms]
2024-09-02 14:29:29.069 [info] fatal: ref refs/remotes/origin/HEAD is not a symbolic ref
2024-09-02 14:29:29.069 [info] GitHistoryProvider:resolveHistoryItemGroupBase - Failed to resolve history item group base for 'refs/heads/GCP-Transcode'
2024-09-02 14:29:29.069 [info] GitHistoryProvider:resolveHistoryItemGroupCommonAncestor - Failed to resolve history item group base for 'refs/heads/GCP-Transcode'
2024-09-02 14:29:31.539 [info] > git for-each-ref --format=%(refname)%00%(upstream:short)%00%(objectname)%00%(upstream:track)%00%(upstream:remotename)%00%(upstream:remoteref) refs/heads/GCP-Transcode [11ms]
2024-09-02 14:29:31.583 [info] > git for-each-ref --format=%(refname)%00%(upstream:short)%00%(objectname)%00%(upstream:track)%00%(upstream:remotename)%00%(upstream:remoteref) refs/heads/GCP-Transcode [5ms]
2024-09-02 14:29:31.624 [info] > git config --local branch.GCP-Transcode.vscode-merge-base [7ms]
2024-09-02 14:29:31.624 [warning] git config failed: Failed to execute git
2024-09-02 14:29:31.649 [info] > git reflog refs/heads/GCP-Transcode --grep-reflog=branch: Created from *. [3ms]
2024-09-02 14:29:31.674 [info] > git reflog HEAD --grep-reflog=checkout: moving from .* to GCP-Transcode [5ms]
2024-09-02 14:29:31.695 [info] > git for-each-ref --format=%(refname)%00%(upstream:short)%00%(objectname)%00%(upstream:track)%00%(upstream:remotename)%00%(upstream:remoteref) refs/heads/main refs/remotes/main [3ms]
2024-09-02 14:29:31.716 [info] > git symbolic-ref --short refs/remotes/origin/HEAD [2ms]
2024-09-02 14:29:31.716 [info] fatal: ref refs/remotes/origin/HEAD is not a symbolic ref
2024-09-02 14:29:31.716 [info] GitHistoryProvider:resolveHistoryItemGroupBase - Failed to resolve history item group base for 'refs/heads/GCP-Transcode'
2024-09-02 14:29:31.716 [info] GitHistoryProvider:resolveHistoryItemGroupCommonAncestor - Failed to resolve history item group base for 'refs/heads/GCP-Transcode'
2024-09-02 14:29:31.800 [info] > git for-each-ref --format=%(refname)%00%(upstream:short)%00%(objectname)%00%(upstream:track)%00%(upstream:remotename)%00%(upstream:remoteref) refs/heads/GCP-Transcode [3ms]
2024-09-02 14:29:31.833 [info] > git for-each-ref --format=%(refname)%00%(upstream:short)%00%(objectname)%00%(upstream:track)%00%(upstream:remotename)%00%(upstream:remoteref) refs/heads/GCP-Transcode [11ms]
2024-09-02 14:29:31.856 [info] > git config --local branch.GCP-Transcode.vscode-merge-base [2ms]
2024-09-02 14:29:31.857 [warning] git config failed: Failed to execute git
2024-09-02 14:29:31.879 [info] > git reflog refs/heads/GCP-Transcode --grep-reflog=branch: Created from *. [3ms]
2024-09-02 14:29:31.902 [info] > git reflog HEAD --grep-reflog=checkout: moving from .* to GCP-Transcode [3ms]
2024-09-02 14:29:31.924 [info] > git for-each-ref --format=%(refname)%00%(upstream:short)%00%(objectname)%00%(upstream:track)%00%(upstream:remotename)%00%(upstream:remoteref) refs/heads/main refs/remotes/main [3ms]
2024-09-02 14:29:31.948 [info] > git symbolic-ref --short refs/remotes/origin/HEAD [5ms]
2024-09-02 14:29:31.948 [info] fatal: ref refs/remotes/origin/HEAD is not a symbolic ref
2024-09-02 14:29:31.948 [info] GitHistoryProvider:resolveHistoryItemGroupBase - Failed to resolve history item group base for 'refs/heads/GCP-Transcode'
2024-09-02 14:29:31.948 [info] GitHistoryProvider:resolveHistoryItemGroupCommonAncestor - Failed to resolve history item group base for 'refs/heads/GCP-Transcode'
2024-09-02 14:29:32.095 [info] > git show --textconv :.git/COMMIT_EDITMSG [22ms]
2024-09-02 14:29:32.098 [info] > git ls-files --stage -- /home/reid_butler/.git/COMMIT_EDITMSG [4ms]
2024-09-02 14:29:33.084 [info] > git ls-files --stage -- /home/reid_butler/.git/COMMIT_EDITMSG [4ms]
2024-09-02 14:29:33.167 [info] > git show --textconv :.git/COMMIT_EDITMSG [4ms]
2024-09-02 14:29:39.784 [info] > git -c user.useConfigOnly=true commit --quiet [8350ms]
2024-09-02 14:29:39.784 [info] Aborting commit due to empty commit message.
2024-09-02 14:29:39.838 [info] > git config --get commit.template [28ms]
2024-09-02 14:29:39.839 [info] > git for-each-ref --format=%(refname)%00%(upstream:short)%00%(objectname)%00%(upstream:track)%00%(upstream:remotename)%00%(upstream:remoteref) refs/heads/GCP-Transcode refs/remotes/GCP-Transcode [3ms]
2024-09-02 14:29:39.946 [info] > git status -z -uall [81ms]
2024-09-02 14:29:40.010 [info] > git config --get commit.template [30ms]
2024-09-02 14:29:40.017 [info] > git for-each-ref --format=%(refname)%00%(upstream:short)%00%(objectname)%00%(upstream:track)%00%(upstream:remotename)%00%(upstream:remoteref) refs/heads/GCP-Transcode refs/remotes/GCP-Transcode [8ms]
2024-09-02 14:29:40.215 [info] > git status -z -uall [171ms]
2024-09-02 14:29:40.216 [info] > git show --textconv :video/live-stream/input_test.py [33ms]
2024-09-02 14:29:40.217 [info] > git for-each-ref --format=%(refname)%00%(upstream:short)%00%(objectname)%00%(upstream:track)%00%(upstream:remotename)%00%(upstream:remoteref) refs/heads/GCP-Transcode [74ms]
2024-09-02 14:29:40.249 [info] > git for-each-ref --format=%(refname)%00%(upstream:short)%00%(objectname)%00%(upstream:track)%00%(upstream:remotename)%00%(upstream:remoteref) refs/heads/GCP-Transcode [7ms]
2024-09-02 14:29:40.275 [info] > git ls-files --stage -- /home/reid_butler/python-docs-samples/video/live-stream/input_test.py [65ms]
2024-09-02 14:29:40.301 [info] > git config --local branch.GCP-Transcode.vscode-merge-base [27ms]
2024-09-02 14:29:40.301 [warning] git config failed: Failed to execute git
2024-09-02 14:29:40.331 [info] > git cat-file -s 5bcb7225e9af8d2c650e48402ebb05065164f157 [33ms]
2024-09-02 14:29:40.334 [info] > git reflog refs/heads/GCP-Transcode --grep-reflog=branch: Created from *. [9ms]
2024-09-02 14:29:40.382 [info] > git reflog HEAD --grep-reflog=checkout: moving from .* to GCP-Transcode [20ms]
2024-09-02 14:29:40.411 [info] > git for-each-ref --format=%(refname)%00%(upstream:short)%00%(objectname)%00%(upstream:track)%00%(upstream:remotename)%00%(upstream:remoteref) refs/heads/main refs/remotes/main [4ms]
2024-09-02 14:29:40.440 [info] > git symbolic-ref --short refs/remotes/origin/HEAD [3ms]
2024-09-02 14:29:40.440 [info] fatal: ref refs/remotes/origin/HEAD is not a symbolic ref
2024-09-02 14:29:40.441 [info] GitHistoryProvider:resolveHistoryItemGroupBase - Failed to resolve history item group base for 'refs/heads/GCP-Transcode'
2024-09-02 14:29:40.441 [info] GitHistoryProvider:resolveHistoryItemGroupCommonAncestor - Failed to resolve history item group base for 'refs/heads/GCP-Transcode'
2024-09-02 14:29:40.531 [info] > git for-each-ref --format=%(refname)%00%(upstream:short)%00%(objectname)%00%(upstream:track)%00%(upstream:remotename)%00%(upstream:remoteref) refs/heads/GCP-Transcode [3ms]
2024-09-02 14:29:40.559 [info] > git for-each-ref --format=%(refname)%00%(upstream:short)%00%(objectname)%00%(upstream:track)%00%(upstream:remotename)%00%(upstream:remoteref) refs/heads/GCP-Transcode [3ms]
2024-09-02 14:29:40.588 [info] > git config --local branch.GCP-Transcode.vscode-merge-base [2ms]
2024-09-02 14:29:40.588 [warning] git config failed: Failed to execute git
2024-09-02 14:29:40.621 [info] > git reflog refs/heads/GCP-Transcode --grep-reflog=branch: Created from *. [4ms]
2024-09-02 14:29:40.650 [info] > git reflog HEAD --grep-reflog=checkout: moving from .* to GCP-Transcode [4ms]
2024-09-02 14:29:40.678 [info] > git for-each-ref --format=%(refname)%00%(upstream:short)%00%(objectname)%00%(upstream:track)%00%(upstream:remotename)%00%(upstream:remoteref) refs/heads/main refs/remotes/main [3ms]
2024-09-02 14:29:40.706 [info] > git symbolic-ref --short refs/remotes/origin/HEAD [2ms]
2024-09-02 14:29:40.706 [info] fatal: ref refs/remotes/origin/HEAD is not a symbolic ref
2024-09-02 14:29:40.706 [info] GitHistoryProvider:resolveHistoryItemGroupBase - Failed to resolve history item group base for 'refs/heads/GCP-Transcode'
2024-09-02 14:29:40.706 [info] GitHistoryProvider:resolveHistoryItemGroupCommonAncestor - Failed to resolve history item group base for 'refs/heads/GCP-Transcode'
2024-09-02 14:29:50.172 [info] > git for-each-ref --format=%(refname)%00%(upstream:short)%00%(objectname)%00%(upstream:track)%00%(upstream:remotename)%00%(upstream:remoteref) refs/heads/GCP-Transcode [3ms]
2024-09-02 14:29:50.202 [info] > git for-each-ref --format=%(refname)%00%(upstream:short)%00%(objectname)%00%(upstream:track)%00%(upstream:remotename)%00%(upstream:remoteref) refs/heads/GCP-Transcode [3ms]
2024-09-02 14:29:50.231 [info] > git config --local branch.GCP-Transcode.vscode-merge-base [2ms]
2024-09-02 14:29:50.231 [warning] git config failed: Failed to execute git
2024-09-02 14:29:50.261 [info] > git reflog refs/heads/GCP-Transcode --grep-reflog=branch: Created from *. [3ms]
2024-09-02 14:29:50.292 [info] > git reflog HEAD --grep-reflog=checkout: moving from .* to GCP-Transcode [3ms]
2024-09-02 14:29:50.319 [info] > git for-each-ref --format=%(refname)%00%(upstream:short)%00%(objectname)%00%(upstream:track)%00%(upstream:remotename)%00%(upstream:remoteref) refs/heads/main refs/remotes/main [3ms]
2024-09-02 14:29:50.346 [info] > git symbolic-ref --short refs/remotes/origin/HEAD [3ms]
2024-09-02 14:29:50.346 [info] fatal: ref refs/remotes/origin/HEAD is not a symbolic ref
2024-09-02 14:29:50.347 [info] GitHistoryProvider:resolveHistoryItemGroupBase - Failed to resolve history item group base for 'refs/heads/GCP-Transcode'
2024-09-02 14:29:50.347 [info] GitHistoryProvider:resolveHistoryItemGroupCommonAncestor - Failed to resolve history item group base for 'refs/heads/GCP-Transcode'
2024-09-02 14:29:57.482 [info] > git for-each-ref --format=%(refname)%00%(upstream:short)%00%(objectname)%00%(upstream:track)%00%(upstream:remotename)%00%(upstream:remoteref) refs/heads/GCP-Transcode [3ms]
2024-09-02 14:29:57.504 [info] > git for-each-ref --format=%(refname)%00%(upstream:short)%00%(objectname)%00%(upstream:track)%00%(upstream:remotename)%00%(upstream:remoteref) refs/heads/GCP-Transcode [2ms]
2024-09-02 14:29:57.526 [info] > git config --local branch.GCP-Transcode.vscode-merge-base [1ms]
2024-09-02 14:29:57.527 [warning] git config failed: Failed to execute git
2024-09-02 14:29:57.549 [info] > git reflog refs/heads/GCP-Transcode --grep-reflog=branch: Created from *. [3ms]
2024-09-02 14:29:57.570 [info] > git reflog HEAD --grep-reflog=checkout: moving from .* to GCP-Transcode [3ms]
2024-09-02 14:29:57.592 [info] > git for-each-ref --format=%(refname)%00%(upstream:short)%00%(objectname)%00%(upstream:track)%00%(upstream:remotename)%00%(upstream:remoteref) refs/heads/main refs/remotes/main [3ms]
2024-09-02 14:29:57.613 [info] > git symbolic-ref --short refs/remotes/origin/HEAD [3ms]
2024-09-02 14:29:57.613 [info] fatal: ref refs/remotes/origin/HEAD is not a symbolic ref
2024-09-02 14:29:57.614 [info] GitHistoryProvider:resolveHistoryItemGroupBase - Failed to resolve history item group base for 'refs/heads/GCP-Transcode'
2024-09-02 14:29:57.614 [info] GitHistoryProvider:resolveHistoryItemGroupCommonAncestor - Failed to resolve history item group base for 'refs/heads/GCP-Transcode'
2024-09-02 14:29:57.700 [info] > git for-each-ref --format=%(refname)%00%(upstream:short)%00%(objectname)%00%(upstream:track)%00%(upstream:remotename)%00%(upstream:remoteref) refs/heads/GCP-Transcode [3ms]
2024-09-02 14:29:57.721 [info] > git for-each-ref --format=%(refname)%00%(upstream:short)%00%(objectname)%00%(upstream:track)%00%(upstream:remotename)%00%(upstream:remoteref) refs/heads/GCP-Transcode [2ms]
2024-09-02 14:29:57.743 [info] > git config --local branch.GCP-Transcode.vscode-merge-base [3ms]
2024-09-02 14:29:57.744 [warning] git config failed: Failed to execute git
2024-09-02 14:29:57.771 [info] > git reflog refs/heads/GCP-Transcode --grep-reflog=branch: Created from *. [3ms]
2024-09-02 14:29:57.792 [info] > git reflog HEAD --grep-reflog=checkout: moving from .* to GCP-Transcode [3ms]
2024-09-02 14:29:57.813 [info] > git for-each-ref --format=%(refname)%00%(upstream:short)%00%(objectname)%00%(upstream:track)%00%(upstream:remotename)%00%(upstream:remoteref) refs/heads/main refs/remotes/main [2ms]
2024-09-02 14:29:57.835 [info] > git symbolic-ref --short refs/remotes/origin/HEAD [2ms]
2024-09-02 14:29:57.835 [info] fatal: ref refs/remotes/origin/HEAD is not a symbolic ref
2024-09-02 14:29:57.836 [info] GitHistoryProvider:resolveHistoryItemGroupBase - Failed to resolve history item group base for 'refs/heads/GCP-Transcode'
2024-09-02 14:29:57.836 [info] GitHistoryProvider:resolveHistoryItemGroupCommonAncestor - Failed to resolve history item group base for 'refs/heads/GCP-Transcode'
2024-09-02 14:30:01.690 [info] > git for-each-ref --format=%(refname)%00%(upstream:short)%00%(objectname)%00%(upstream:track)%00%(upstream:remotename)%00%(upstream:remoteref) refs/heads/GCP-Transcode [6ms]
2024-09-02 14:30:01.727 [info] > git for-each-ref --format=%(refname)%00%(upstream:short)%00%(objectname)%00%(upstream:track)%00%(upstream:remotename)%00%(upstream:remoteref) refs/heads/GCP-Transcode [4ms]
2024-09-02 14:30:01.754 [info] > git config --local branch.GCP-Transcode.vscode-merge-base [2ms]
2024-09-02 14:30:01.755 [warning] git config failed: Failed to execute git
2024-09-02 14:30:01.784 [info] > git reflog refs/heads/GCP-Transcode --grep-reflog=branch: Created from *. [3ms]
2024-09-02 14:30:01.819 [info] > git reflog HEAD --grep-reflog=checkout: moving from .* to GCP-Transcode [6ms]
2024-09-02 14:30:01.861 [info] > git for-each-ref --format=%(refname)%00%(upstream:short)%00%(objectname)%00%(upstream:track)%00%(upstream:remotename)%00%(upstream:remoteref) refs/heads/main refs/remotes/main [6ms]
2024-09-02 14:30:01.902 [info] > git symbolic-ref --short refs/remotes/origin/HEAD [5ms]
2024-09-02 14:30:01.902 [info] fatal: ref refs/remotes/origin/HEAD is not a symbolic ref
2024-09-02 14:30:01.902 [info] GitHistoryProvider:resolveHistoryItemGroupBase - Failed to resolve history item group base for 'refs/heads/GCP-Transcode'
2024-09-02 14:30:01.902 [info] GitHistoryProvider:resolveHistoryItemGroupCommonAncestor - Failed to resolve history item group base for 'refs/heads/GCP-Transcode'
2024-09-02 14:30:01.991 [info] > git for-each-ref --format=%(refname)%00%(upstream:short)%00%(objectname)%00%(upstream:track)%00%(upstream:remotename)%00%(upstream:remoteref) refs/heads/GCP-Transcode [3ms]
2024-09-02 14:30:02.019 [info] > git for-each-ref --format=%(refname)%00%(upstream:short)%00%(objectname)%00%(upstream:track)%00%(upstream:remotename)%00%(upstream:remoteref) refs/heads/GCP-Transcode [3ms]
2024-09-02 14:30:02.048 [info] > git config --local branch.GCP-Transcode.vscode-merge-base [2ms]
2024-09-02 14:30:02.048 [warning] git config failed: Failed to execute git
2024-09-02 14:30:02.076 [info] > git reflog refs/heads/GCP-Transcode --grep-reflog=branch: Created from *. [3ms]
2024-09-02 14:30:02.104 [info] > git reflog HEAD --grep-reflog=checkout: moving from .* to GCP-Transcode [4ms]
2024-09-02 14:30:02.133 [info] > git for-each-ref --format=%(refname)%00%(upstream:short)%00%(objectname)%00%(upstream:track)%00%(upstream:remotename)%00%(upstream:remoteref) refs/heads/main refs/remotes/main [2ms]
2024-09-02 14:30:02.160 [info] > git symbolic-ref --short refs/remotes/origin/HEAD [3ms]
2024-09-02 14:30:02.160 [info] fatal: ref refs/remotes/origin/HEAD is not a symbolic ref
2024-09-02 14:30:02.160 [info] GitHistoryProvider:resolveHistoryItemGroupBase - Failed to resolve history item group base for 'refs/heads/GCP-Transcode'
2024-09-02 14:30:02.160 [info] GitHistoryProvider:resolveHistoryItemGroupCommonAncestor - Failed to resolve history item group base for 'refs/heads/GCP-Transcode'
2024-09-02 14:30:45.782 [info] > git for-each-ref --format=%(refname)%00%(upstream:short)%00%(objectname)%00%(upstream:track)%00%(upstream:remotename)%00%(upstream:remoteref) refs/heads/GCP-Transcode [3ms]
2024-09-02 14:30:45.807 [info] > git for-each-ref --format=%(refname)%00%(upstream:short)%00%(objectname)%00%(upstream:track)%00%(upstream:remotename)%00%(upstream:remoteref) refs/heads/GCP-Transcode [2ms]
2024-09-02 14:30:45.833 [info] > git config --local branch.GCP-Transcode.vscode-merge-base [2ms]
2024-09-02 14:30:45.834 [warning] git config failed: Failed to execute git
2024-09-02 14:30:45.861 [info] > git reflog refs/heads/GCP-Transcode --grep-reflog=branch: Created from *. [3ms]
2024-09-02 14:30:45.886 [info] > git reflog HEAD --grep-reflog=checkout: moving from .* to GCP-Transcode [3ms]
2024-09-02 14:30:45.911 [info] > git for-each-ref --format=%(refname)%00%(upstream:short)%00%(objectname)%00%(upstream:track)%00%(upstream:remotename)%00%(upstream:remoteref) refs/heads/main refs/remotes/main [2ms]
2024-09-02 14:30:45.936 [info] > git symbolic-ref --short refs/remotes/origin/HEAD [3ms]
2024-09-02 14:30:45.936 [info] fatal: ref refs/remotes/origin/HEAD is not a symbolic ref
2024-09-02 14:30:45.936 [info] GitHistoryProvider:resolveHistoryItemGroupBase - Failed to resolve history item group base for 'refs/heads/GCP-Transcode'
2024-09-02 14:30:45.936 [info] GitHistoryProvider:resolveHistoryItemGroupCommonAncestor - Failed to resolve history item group base for 'refs/heads/GCP-Transcode'
2024-09-02 14:30:46.028 [info] > git for-each-ref --format=%(refname)%00%(upstream:short)%00%(objectname)%00%(upstream:track)%00%(upstream:remotename)%00%(upstream:remoteref) refs/heads/GCP-Transcode [2ms]
2024-09-02 14:30:46.053 [info] > git for-each-ref --format=%(refname)%00%(upstream:short)%00%(objectname)%00%(upstream:track)%00%(upstream:remotename)%00%(upstream:remoteref) refs/heads/GCP-Transcode [2ms]
2024-09-02 14:30:46.080 [info] > git config --local branch.GCP-Transcode.vscode-merge-base [3ms]
2024-09-02 14:30:46.080 [warning] git config failed: Failed to execute git
2024-09-02 14:30:46.106 [info] > git reflog refs/heads/GCP-Transcode --grep-reflog=branch: Created from *. [3ms]
2024-09-02 14:30:46.134 [info] > git reflog HEAD --grep-reflog=checkout: moving from .* to GCP-Transcode [3ms]
2024-09-02 14:30:46.158 [info] > git for-each-ref --format=%(refname)%00%(upstream:short)%00%(objectname)%00%(upstream:track)%00%(upstream:remotename)%00%(upstream:remoteref) refs/heads/main refs/remotes/main [2ms]
2024-09-02 14:30:46.182 [info] > git symbolic-ref --short refs/remotes/origin/HEAD [2ms]
2024-09-02 14:30:46.182 [info] fatal: ref refs/remotes/origin/HEAD is not a symbolic ref
2024-09-02 14:30:46.183 [info] GitHistoryProvider:resolveHistoryItemGroupBase - Failed to resolve history item group base for 'refs/heads/GCP-Transcode'
2024-09-02 14:30:46.183 [info] GitHistoryProvider:resolveHistoryItemGroupCommonAncestor - Failed to resolve history item group base for 'refs/heads/GCP-Transcode'
2024-09-02 14:31:22.615 [info] > git config --get commit.template [34ms]
2024-09-02 14:31:22.619 [info] > git for-each-ref --format=%(refname)%00%(upstream:short)%00%(objectname)%00%(upstream:track)%00%(upstream:remotename)%00%(upstream:remoteref) refs/heads/main refs/remotes/main [6ms]
2024-09-02 14:31:22.647 [warning] ENOENT: no such file or directory, open '/home/reid_butler/python-docs-samples/.git/refs/remotes/origin/main'
2024-09-02 14:31:22.651 [info] > git rev-parse refs/remotes/origin/main [3ms]
2024-09-02 14:31:22.727 [info] > git status -z -uall [48ms]
2024-09-02 14:31:24.913 [info] > git show --textconv :se-development-9566-288c5f06f11d.json [41ms]
2024-09-02 14:31:24.926 [info] > git ls-files --stage -- /home/reid_butler/se-development-9566-288c5f06f11d.json [19ms]
2024-09-02 14:31:25.005 [info] > git cat-file -s fd2eeb0c479c3f081f735d513a86a712fb64dd30 [49ms]
2024-09-02 14:31:34.993 [info] > git show --textconv :video/live-stream/input_test.py [41ms]
2024-09-02 14:31:35.014 [info] > git ls-files --stage -- /home/reid_butler/python-docs-samples/video/live-stream/input_test.py [26ms]
2024-09-02 14:31:35.059 [info] > git cat-file -s 5bcb7225e9af8d2c650e48402ebb05065164f157 [11ms]
2024-09-02 14:31:59.557 [info] > git push -u origin GCP-Transcode [117966ms]
2024-09-02 14:31:59.557 [info] remote: warning: See https://gh.io/lfs for more information.        
remote: warning: File .cache/cloud-code/cloudcode_cli/cloudcode_cli/darwin_amd64/cloudcode_cli is 60.08 MB; this is larger than GitHub's recommended maximum file size of 50.00 MB        
remote: warning: File .cache/cloud-code/cloudcode_cli/cloudcode_cli/darwin_arm64/cloudcode_cli is 59.32 MB; this is larger than GitHub's recommended maximum file size of 50.00 MB        
remote: warning: File .cache/cloud-code/cloudcode_cli/cloudcode_cli/windows_amd64/cloudcode_cli.exe is 60.04 MB; this is larger than GitHub's recommended maximum file size of 50.00 MB        
remote: warning: File .cache/cloud-code/cloudcode_cli/cloudcode_cli/linux_amd64/cloudcode_cli is 59.55 MB; this is larger than GitHub's recommended maximum file size of 50.00 MB        
remote: warning: File .cache/cloud-code/cloudcode_cli/cloudcode_cli/linux_arm64/cloudcode_cli is 57.50 MB; this is larger than GitHub's recommended maximum file size of 50.00 MB        
remote: warning: GH001: Large files detected. You may want to try Git Large File Storage - https://git-lfs.github.com.        
To https://github.com/reid-butler-fsly/fastly_demos.git
 * [new branch]      GCP-Transcode -> GCP-Transcode
2024-09-02 14:31:59.616 [info] > git config --get commit.template [29ms]
2024-09-02 14:31:59.617 [info] > git for-each-ref --format=%(refname)%00%(upstream:short)%00%(objectname)%00%(upstream:track)%00%(upstream:remotename)%00%(upstream:remoteref) refs/heads/GCP-Transcode refs/remotes/GCP-Transcode [4ms]
2024-09-02 14:31:59.725 [info] > git status -z -uall [80ms]
2024-09-02 14:31:59.767 [info] > git merge-base refs/heads/GCP-Transcode refs/remotes/origin/GCP-Transcode [12ms]
2024-09-02 14:31:59.798 [info] > git rev-list --count --left-right refs/heads/GCP-Transcode...refs/remotes/origin/GCP-Transcode [3ms]
2024-09-02 14:31:59.854 [info] > git diff --name-status -z --diff-filter=ADMR 3e07d8cae1daecf939f3912b2fa48b9a557db1f4...refs/remotes/origin/GCP-Transcode [28ms]
2024-09-02 14:31:59.939 [info] > git merge-base refs/heads/GCP-Transcode refs/remotes/origin/GCP-Transcode [6ms]
2024-09-02 14:31:59.969 [info] > git rev-list --count --left-right refs/heads/GCP-Transcode...refs/remotes/origin/GCP-Transcode [3ms]
2024-09-02 14:32:06.251 [info] > git config --get commit.template [21ms]
2024-09-02 14:32:06.252 [info] > git for-each-ref --format=%(refname)%00%(upstream:short)%00%(objectname)%00%(upstream:track)%00%(upstream:remotename)%00%(upstream:remoteref) refs/heads/GCP-Transcode refs/remotes/GCP-Transcode [3ms]
2024-09-02 14:32:06.318 [info] > git ls-files --stage -- /home/reid_butler/python-docs-samples/video/live-stream/input_test.py [5ms]
2024-09-02 14:32:06.351 [info] > git cat-file -s 5bcb7225e9af8d2c650e48402ebb05065164f157 [4ms]
2024-09-02 14:32:06.373 [info] > git status -z -uall [101ms]
2024-09-02 14:32:06.433 [info] > git show --textconv :video/live-stream/input_test.py [6ms]
2024-09-02 14:32:11.598 [info] > git fetch [328ms]
2024-09-02 14:32:11.642 [info] > git config --get commit.template [22ms]
2024-09-02 14:32:11.643 [info] > git for-each-ref --format=%(refname)%00%(upstream:short)%00%(objectname)%00%(upstream:track)%00%(upstream:remotename)%00%(upstream:remoteref) refs/heads/GCP-Transcode refs/remotes/GCP-Transcode [2ms]
2024-09-02 14:32:11.739 [info] > git status -z -uall [73ms]
2024-09-02 14:32:11.788 [info] > git config --get commit.template [23ms]
2024-09-02 14:32:11.790 [info] > git for-each-ref --format=%(refname)%00%(upstream:short)%00%(objectname)%00%(upstream:track)%00%(upstream:remotename)%00%(upstream:remoteref) refs/heads/GCP-Transcode refs/remotes/GCP-Transcode [3ms]
2024-09-02 14:32:11.901 [info] > git status -z -uall [87ms]
2024-09-02 14:32:13.025 [info] > git ls-files --stage -- /home/reid_butler/python-docs-samples/video/live-stream/input_test.py [5ms]
2024-09-02 14:32:13.056 [info] > git cat-file -s 5bcb7225e9af8d2c650e48402ebb05065164f157 [3ms]
2024-09-02 14:32:13.147 [info] > git show --textconv :video/live-stream/input_test.py [5ms]
2024-09-02 14:32:13.290 [info] > git fetch [1979ms]
2024-09-02 14:32:13.290 [info] From https://github.com/GoogleCloudPlatform/python-docs-samples
   4a9628160..6fa1fb560  main               -> origin/main
 * [new branch]          Hardcoded-samples-to-be-migrated-batch-predict -> origin/Hardcoded-samples-to-be-migrated-batch-predict
   de7cad3cd..b3d8caacd  Simplify-speech-samples-set-5 -> origin/Simplify-speech-samples-set-5
 * [new branch]          batch_test_branch  -> origin/batch_test_branch
 * [new branch]          compute_reservation_create_template -> origin/compute_reservation_create_template
 * [new branch]          grounding-updates  -> origin/grounding-updates
   270face87..dab141817  regional-samples-4 -> origin/regional-samples-4
 * [new branch]          sigje-remove-automl-tables-deprecated-samples -> origin/sigje-remove-automl-tables-deprecated-samples
 * [new branch]          sigje-remove-automl-vision-edge -> origin/sigje-remove-automl-vision-edge
2024-09-02 14:32:13.353 [info] > git config --get commit.template [30ms]
2024-09-02 14:32:13.355 [info] > git for-each-ref --format=%(refname)%00%(upstream:short)%00%(objectname)%00%(upstream:track)%00%(upstream:remotename)%00%(upstream:remoteref) refs/heads/main refs/remotes/main [5ms]
2024-09-02 14:32:13.412 [info] > git status -z -uall [31ms]
2024-09-02 14:32:13.441 [info] > git merge-base refs/heads/main refs/remotes/origin/main [6ms]
2024-09-02 14:32:13.465 [info] > git rev-list --count --left-right refs/heads/main...refs/remotes/origin/main [3ms]
2024-09-02 14:32:13.496 [info] > git diff --name-status -z --diff-filter=ADMR 4a9628160438b9117d4d5ae4bffc8e133359b468...refs/remotes/origin/main [8ms]
2024-09-02 14:32:13.527 [info] > git merge-base refs/heads/main refs/remotes/origin/main [6ms]
2024-09-02 14:32:13.552 [info] > git rev-list --count --left-right refs/heads/main...refs/remotes/origin/main [3ms]
2024-09-02 14:32:14.608 [info] > git config --get commit.template [29ms]
2024-09-02 14:32:14.610 [info] > git for-each-ref --format=%(refname)%00%(upstream:short)%00%(objectname)%00%(upstream:track)%00%(upstream:remotename)%00%(upstream:remoteref) refs/heads/main refs/remotes/main [4ms]
2024-09-02 14:32:14.673 [info] > git status -z -uall [35ms]
2024-09-02 14:32:14.739 [info] > git ls-files --stage -- /home/reid_butler/python-docs-samples/video/live-stream/input_test.py [6ms]
2024-09-02 14:32:14.768 [info] > git cat-file -s 5bcb7225e9af8d2c650e48402ebb05065164f157 [3ms]
2024-09-02 14:32:14.855 [info] > git show --textconv :video/live-stream/input_test.py [5ms]
2024-09-02 14:32:16.966 [info] > git config --get commit.template [32ms]
2024-09-02 14:32:16.967 [info] > git for-each-ref --format=%(refname)%00%(upstream:short)%00%(objectname)%00%(upstream:track)%00%(upstream:remotename)%00%(upstream:remoteref) refs/heads/GCP-Transcode refs/remotes/GCP-Transcode [4ms]
2024-09-02 14:32:17.074 [info] > git status -z -uall [79ms]
2024-09-02 14:32:54.761 [info] > git check-ignore -v -z --stdin [6ms]
2024-09-02 14:33:12.196 [info] > git show --textconv :.git/COMMIT_EDITMSG [35ms]
2024-09-02 14:33:12.198 [info] > git ls-files --stage -- /home/reid_butler/python-docs-samples/.git/COMMIT_EDITMSG [8ms]
2024-09-02 14:33:12.425 [info] > git check-ignore -v -z --stdin [6ms]
2024-09-02 14:33:12.983 [info] > git ls-files --stage -- /home/reid_butler/python-docs-samples/.git/COMMIT_EDITMSG [5ms]
2024-09-02 14:33:13.062 [info] > git show --textconv :.git/COMMIT_EDITMSG [3ms]
2024-09-02 14:35:08.801 [info] > git -c user.useConfigOnly=true commit --quiet --allow-empty-message --file - [40ms]
2024-09-02 14:35:08.831 [info] > git config --get commit.template [2ms]
2024-09-02 14:35:08.867 [info] > git config --get commit.template [4ms]
2024-09-02 14:35:08.902 [info] > git for-each-ref --format=%(refname)%00%(upstream:short)%00%(objectname)%00%(upstream:track)%00%(upstream:remotename)%00%(upstream:remoteref) refs/heads/GCP-Transcode refs/remotes/GCP-Transcode [7ms]
2024-09-02 14:35:09.024 [info] > git status -z -uall [93ms]
2024-09-02 14:35:09.067 [info] > git merge-base refs/heads/GCP-Transcode refs/remotes/origin/GCP-Transcode [14ms]
2024-09-02 14:35:09.100 [info] > git rev-list --count --left-right refs/heads/GCP-Transcode...refs/remotes/origin/GCP-Transcode [5ms]
2024-09-02 14:35:09.143 [info] > git diff --name-status -z --diff-filter=ADMR 3e07d8cae1daecf939f3912b2fa48b9a557db1f4...refs/remotes/origin/GCP-Transcode [11ms]
2024-09-02 14:35:09.251 [info] > git merge-base refs/heads/GCP-Transcode refs/remotes/origin/GCP-Transcode [38ms]
2024-09-02 14:35:09.283 [info] > git config --get commit.template [35ms]
2024-09-02 14:35:09.284 [info] > git rev-list --count --left-right refs/heads/GCP-Transcode...refs/remotes/origin/GCP-Transcode [3ms]
2024-09-02 14:35:09.316 [info] > git for-each-ref --format=%(refname)%00%(upstream:short)%00%(objectname)%00%(upstream:track)%00%(upstream:remotename)%00%(upstream:remoteref) refs/heads/GCP-Transcode refs/remotes/GCP-Transcode [3ms]
2024-09-02 14:35:09.435 [info] > git status -z -uall [91ms]
2024-09-02 14:35:10.330 [info] > git ls-files --stage -- /home/reid_butler/python-docs-samples/.git/COMMIT_EDITMSG [4ms]
2024-09-02 14:35:10.415 [info] > git show --textconv :.git/COMMIT_EDITMSG [5ms]
2024-09-02 14:35:12.035 [info] > git fetch [270ms]
2024-09-02 14:35:12.083 [info] > git config --get commit.template [25ms]
2024-09-02 14:35:12.085 [info] > git for-each-ref --format=%(refname)%00%(upstream:short)%00%(objectname)%00%(upstream:track)%00%(upstream:remotename)%00%(upstream:remoteref) refs/heads/GCP-Transcode refs/remotes/GCP-Transcode [3ms]
2024-09-02 14:35:12.194 [info] > git status -z -uall [88ms]
2024-09-02 14:35:13.456 [info] > git ls-files --stage -- /home/reid_butler/python-docs-samples/.git/COMMIT_EDITMSG [4ms]
2024-09-02 14:35:13.541 [info] > git show --textconv :.git/COMMIT_EDITMSG [4ms]
2024-09-02 14:35:27.018 [info] > git check-ignore -v -z --stdin [3ms]
