Initializing document watcher...
Document watcher initialized
reid_butler/python-docs-samples/video/live-stream/input_test.py: {}
reid_butler/python-docs-samples/video/live-stream/input_test.py: {}
reid_butler/python-docs-samples/video/live-stream/input_test.py: {}
reid_butler/python-docs-samples/video/live-stream/input_test.py: {}
reid_butler/python-docs-samples/video/live-stream/input_test.py: {}
reid_butler/python-docs-samples/video/live-stream/input_test.py: {}
reid_butler/python-docs-samples/video/live-stream/input_test.py: {}
reid_butler/python-docs-samples/video/live-stream/input_test.py: {}
reid_butler/.git/COMMIT_EDITMSG: {}
reid_butler/.git/COMMIT_EDITMSG: {}
reid_butler/.git/COMMIT_EDITMSG: {}
reid_butler/python-docs-samples/video/live-stream/input_test.py: {}
reid_butler/python-docs-samples/video/live-stream/input_test.py: {}
reid_butler/.git/COMMIT_EDITMSG: {}
reid_butler/.git/COMMIT_EDITMSG: Using EditorConfig core...
reid_butler/.git/COMMIT_EDITMSG: Using EditorConfig core...
reid_butler/.git/COMMIT_EDITMSG: Using EditorConfig core...
reid_butler/.git/COMMIT_EDITMSG: Using EditorConfig core...
reid_butler/.git/COMMIT_EDITMSG: {}
reid_butler/.git/COMMIT_EDITMSG: {}
reid_butler/.git/COMMIT_EDITMSG: {}
reid_butler/.git/COMMIT_EDITMSG: Using EditorConfig core...
reid_butler/.git/COMMIT_EDITMSG: Using EditorConfig core...
reid_butler/.git/COMMIT_EDITMSG: {}
reid_butler/.git/COMMIT_EDITMSG: {}
reid_butler/.git/COMMIT_EDITMSG: {}
reid_butler/.git/COMMIT_EDITMSG: {}
vscode.git.Git: {}
reid_butler/.git/COMMIT_EDITMSG: {}
reid_butler/.git/COMMIT_EDITMSG: {}
reid_butler/.git/COMMIT_EDITMSG: {}
reid_butler/python-docs-samples/video/live-stream/input_test.py: {}
reid_butler/.git/COMMIT_EDITMSG: {}
reid_butler/.git/COMMIT_EDITMSG: {}
reid_butler/python-docs-samples/video/live-stream/input_test.py: {}
reid_butler/python-docs-samples/video/live-stream/input_test.py: {}
reid_butler/python-docs-samples/video/live-stream/input_test.py: {}
reid_butler/python-docs-samples/video/live-stream/input_test.py: {}
reid_butler/python-docs-samples/video/live-stream/input_test.py: {}
reid_butler/python-docs-samples/video/live-stream/input_test.py: {}
reid_butler/python-docs-samples/video/live-stream/input_test.py: {}
reid_butler/.git/COMMIT_EDITMSG: {}
reid_butler/.git/COMMIT_EDITMSG: {}
reid_butler/python-docs-samples/video/live-stream/input_test.py: {}
reid_butler/.git/COMMIT_EDITMSG: {}
reid_butler/python-docs-samples/video/live-stream/input_test.py: {}
reid_butler/python-docs-samples/video/live-stream/input_test.py: {}
reid_butler/python-docs-samples/video/live-stream/input_test.py: {}
reid_butler/python-docs-samples/video/live-stream/input_test.py: {}
reid_butler/python-docs-samples/video/live-stream/input_test.py: {}
reid_butler/python-docs-samples/video/live-stream/input_test.py: Using EditorConfig core...
reid_butler/se-development-9566-288c5f06f11d.json: {}
reid_butler/se-development-9566-288c5f06f11d.json: {}
reid_butler/python-docs-samples/video/live-stream/input_test.py: {}
reid_butler/python-docs-samples/video/live-stream/input_test.py: {}
/User/settings.json: Using EditorConfig core...
reid_butler/python-docs-samples/video/live-stream/input_test.py: {}
reid_butler/python-docs-samples/video/live-stream/input_test.py: {}
reid_butler/python-docs-samples/.git/COMMIT_EDITMSG: {}
reid_butler/python-docs-samples/.git/COMMIT_EDITMSG: {}
reid_butler/python-docs-samples/.git/COMMIT_EDITMSG: {}
