Initializing document watcher...
Document watcher initialized
reid_butler/se-development-9566-288c5f06f11d.json: {}
reid_butler/se-development-9566-288c5f06f11d.json: {}
reid_butler/se-development-9566-288c5f06f11d.json: {}
No more open editors.
reid_butler/python-docs-samples/video/transcoder/create_job_from_preset.py: {}
reid_butler/python-docs-samples/video/transcoder/create_job_from_template.py: {}
reid_butler/python-docs-samples/video/transcoder/create_job_template.py: {}
reid_butler/python-docs-samples/video/transcoder/create_job_from_preset.py: {}
reid_butler/python-docs-samples/video/transcoder/create_job_from_template.py: {}
reid_butler/python-docs-samples/video/live-stream/create_channel.py: {}
reid_butler/python-docs-samples/video/live-stream/create_channel.py: {}
reid_butler/python-docs-samples/video/live-stream/create_input.py: {}
reid_butler/python-docs-samples/video/live-stream/create_input.py: Using EditorConfig core...
reid_butler/python-docs-samples/video/live-stream/create_input.py: Using EditorConfig core...
reid_butler/python-docs-samples/video/live-stream/create_input.py: {}
reid_butler/python-docs-samples/video/live-stream/create_input.py: Using EditorConfig core...
undefined: {}
reid_butler/python-docs-samples/video/live-stream/create_input.py: {}
reid_butler/python-docs-samples/video/live-stream/create_input.py: {}
reid_butler/python-docs-samples/video/live-stream/create_input.py: Using EditorConfig core...
reid_butler/python-docs-samples/video/live-stream/create_input.py: Using EditorConfig core...
reid_butler/python-docs-samples/video/live-stream/create_input.py: Using EditorConfig core...
reid_butler/python-docs-samples/video/live-stream/create_input.py: Using EditorConfig core...
reid_butler/python-docs-samples/video/live-stream/create_input.py: Using EditorConfig core...
reid_butler/python-docs-samples/video/live-stream/create_input.py: Using EditorConfig core...
reid_butler/python-docs-samples/video/live-stream/create_input.py: Using EditorConfig core...
reid_butler/python-docs-samples/video/live-stream/create_input.py: Using EditorConfig core...
undefined: {}
reid_butler/python-docs-samples/video/live-stream/create_input.py: {}
reid_butler/python-docs-samples/video/live-stream/delete_asset.py: {}
reid_butler/python-docs-samples/video/live-stream/create_input.py: {}
reid_butler/python-docs-samples/video/live-stream/create_input.py: {}
reid_butler/python-docs-samples/video/live-stream/create_input.py: Using EditorConfig core...
reid_butler/python-docs-samples/video/live-stream/create_input.py: Using EditorConfig core...
reid_butler/python-docs-samples/video/live-stream/create_input.py: Using EditorConfig core...
reid_butler/python-docs-samples/video/live-stream/create_input.py: Using EditorConfig core...
reid_butler/python-docs-samples/video/live-stream/create_input.py: Using EditorConfig core...
reid_butler/python-docs-samples/video/live-stream/create_input.py: {}
reid_butler/python-docs-samples/video/live-stream/create_input.py: {}
reid_butler/python-docs-samples/video/live-stream/create_input.py: {}
reid_butler/python-docs-samples/video/live-stream/create_input.py: {}
reid_butler/python-docs-samples/video/live-stream/create_input.py: Using EditorConfig core...
reid_butler/python-docs-samples/video/live-stream/create_input.py: Using EditorConfig core...
reid_butler/python-docs-samples/video/live-stream/delete_asset.py: {}
reid_butler/python-docs-samples/video/live-stream/create_input.py: {}
reid_butler/python-docs-samples/video/live-stream/delete_asset.py: {}
reid_butler/python-docs-samples/video/live-stream/create_input.py: {}
reid_butler/se-development-9566-288c5f06f11d.json: {}
reid_butler/python-docs-samples/video/live-stream/create_input.py: {}
reid_butler/python-docs-samples/video/live-stream/create_input.py: {}
