2024-09-02 11:30:09.241 [info] Extension host with pid 3950 started
2024-09-02 11:30:09.241 [error] Error: EEXIST: file already exists, open '/home/reid_butler/.codeoss/data/User/workspaceStorage/6c2144b5/vscode.lock'
2024-09-02 11:30:09.252 [info] Lock '/home/reid_butler/.codeoss/data/User/workspaceStorage/6c2144b5/vscode.lock': Could not acquire lock, checking if the file is stale.
2024-09-02 11:30:09.272 [info] Lock '/home/reid_butler/.codeoss/data/User/workspaceStorage/6c2144b5/vscode.lock': The lock does not look stale, elapsed: 967 ms, giving up.
2024-09-02 11:30:09.281 [info] Lock '/home/reid_butler/.codeoss/data/User/workspaceStorage/6c2144b5-1/vscode.lock': Lock acquired.
2024-09-02 11:30:09.421 [info] ExtensionService#_doActivateExtension ms-python.python, startup: false, activationEvent: 'onLanguage:python'
2024-09-02 11:30:09.423 [info] ExtensionService#_doActivateExtension vscode.emmet, startup: false, activationEvent: 'onLanguage'
2024-09-02 11:30:10.432 [info] ExtensionService#_doActivateExtension vscode.git-base, startup: true, activationEvent: '*', root cause: vscode.git
2024-09-02 11:30:10.621 [info] ExtensionService#_doActivateExtension vscode.git, startup: true, activationEvent: '*'
2024-09-02 11:30:10.624 [info] ExtensionService#_doActivateExtension vscode.github, startup: true, activationEvent: '*'
2024-09-02 11:30:11.427 [info] ExtensionService#_doActivateExtension redhat.fabric8-analytics, startup: true, activationEvent: 'workspaceContains:**/package.json,**/pom.xml,**/go.mod,**/requirements.txt'
2024-09-02 11:30:12.071 [info] Eager extensions activated
2024-09-02 11:30:12.080 [info] ExtensionService#_doActivateExtension EditorConfig.EditorConfig, startup: false, activationEvent: 'onStartupFinished'
2024-09-02 11:30:12.086 [info] ExtensionService#_doActivateExtension google.cloud-shell, startup: false, activationEvent: 'onStartupFinished'
2024-09-02 11:30:12.087 [info] ExtensionService#_doActivateExtension googlecloudtools.cloudcode, startup: false, activationEvent: 'onStartupFinished'
2024-09-02 11:30:12.094 [info] ExtensionService#_doActivateExtension vscode.debug-auto-launch, startup: false, activationEvent: 'onStartupFinished'
2024-09-02 11:30:12.097 [info] ExtensionService#_doActivateExtension vscode.merge-conflict, startup: false, activationEvent: 'onStartupFinished'
2024-09-02 11:30:16.404 [info] ExtensionService#_doActivateExtension vscode.json-language-features, startup: false, activationEvent: 'onLanguage:jsonc'
2024-09-02 11:30:16.405 [info] ExtensionService#_doActivateExtension vscode.typescript-language-features, startup: false, activationEvent: 'onLanguage:jsonc'
2024-09-02 11:30:19.677 [info] ExtensionService#_doActivateExtension vscode.github-authentication, startup: false, activationEvent: 'onAuthenticationRequest:github'
2024-09-02 12:08:44.297 [error] [ms-python.python] provider FAILED
2024-09-02 12:08:44.312 [error] Error: ValueError: `column` parameter (2) is not in a valid range (0-0) for line 29 ('\n').
    at ae (/google/devshell/editor/code-oss-for-cloud-shell/extensions/ms-python.python/out/client/extension.js:2:2306827)
    at oe (/google/devshell/editor/code-oss-for-cloud-shell/extensions/ms-python.python/out/client/extension.js:2:2304787)
    at Immediate.<anonymous> (/google/devshell/editor/code-oss-for-cloud-shell/extensions/ms-python.python/out/client/extension.js:2:2301081)
    at processImmediate (node:internal/timers:476:21)
2024-09-02 12:58:10.653 [info] ExtensionService#_doActivateExtension vscode.extension-editing, startup: false, activationEvent: 'onLanguage:json'
2024-09-02 12:58:10.654 [info] ExtensionService#_doActivateExtension vscode.npm, startup: false, activationEvent: 'onLanguage:json'
2024-09-02 13:27:07.652 [warning] [Decorations] CAPPING events from decorations provider vscode.git 2458
2024-09-02 13:27:09.648 [warning] [Decorations] CAPPING events from decorations provider vscode.git 2458
