2024-09-02 14:03:26.529 [info] Reading sessions from keychain...
2024-09-02 14:03:26.530 [info] Getting sessions for all scopes...
2024-09-02 14:03:26.530 [info] Got 0 sessions for ...
2024-09-02 14:03:26.531 [info] Getting sessions for read:user,repo,user:email,workflow...
2024-09-02 14:03:26.531 [info] Got 0 sessions for read:user,repo,user:email,workflow...
2024-09-02 14:23:21.743 [info] Getting sessions for read:user,repo,user:email,workflow...
2024-09-02 14:23:21.743 [info] Got 0 sessions for read:user,repo,user:email,workflow...
2024-09-02 14:23:25.298 [info] Logging in for the following scopes: read:user repo user:email workflow
2024-09-02 14:23:25.415 [info] Trying device code flow... (read:user repo user:email workflow)
2024-09-02 14:25:35.417 [error] Timed out
2024-09-02 14:26:22.001 [info] Trying to retrieve PAT... (read:user repo user:email workflow)
2024-09-02 14:28:18.271 [error] User Cancelled
2024-09-02 14:30:02.047 [info] Getting sessions for read:user,repo,user:email,workflow...
2024-09-02 14:30:02.047 [info] Got 0 sessions for read:user,repo,user:email,workflow...
2024-09-02 14:30:05.240 [info] Logging in for the following scopes: read:user repo user:email workflow
2024-09-02 14:30:05.295 [info] Trying device code flow... (read:user repo user:email workflow)
2024-09-02 14:30:44.542 [info] Getting user info...
2024-09-02 14:30:44.811 [info] Got account info!
2024-09-02 14:30:44.813 [info] Storing 1 sessions...
2024-09-02 14:30:44.869 [info] Reading sessions from keychain...
2024-09-02 14:30:44.870 [info] Stored 1 sessions!
2024-09-02 14:30:44.870 [info] Login success!
2024-09-02 14:30:44.924 [info] Got stored sessions!
2024-09-02 14:30:44.925 [info] Got 1 verified sessions.
2024-09-02 14:30:45.428 [info] Getting sessions for read:user,repo,user:email,workflow...
2024-09-02 14:30:45.428 [info] Got 1 sessions for read:user,repo,user:email,workflow...
