2024-09-02 14:02:56.247 [info] Extension host with pid 1210 started
2024-09-02 14:02:56.247 [error] Error: EEXIST: file already exists, open '/home/reid_butler/.codeoss/data/User/workspaceStorage/6c2144b5/vscode.lock'
2024-09-02 14:02:56.315 [info] Lock '/home/reid_butler/.codeoss/data/User/workspaceStorage/6c2144b5/vscode.lock': Could not acquire lock, checking if the file is stale.
2024-09-02 14:02:56.351 [info] Lock '/home/reid_butler/.codeoss/data/User/workspaceStorage/6c2144b5/vscode.lock': The lock does not look stale, elapsed: 1665 ms, giving up.
2024-09-02 14:02:56.398 [error] Error: EEXIST: file already exists, open '/home/reid_butler/.codeoss/data/User/workspaceStorage/6c2144b5-1/vscode.lock'
2024-09-02 14:02:56.608 [info] ExtensionService#_doActivateExtension ms-python.python, startup: false, activationEvent: 'onLanguage:python'
2024-09-02 14:02:56.611 [info] ExtensionService#_doActivateExtension vscode.emmet, startup: false, activationEvent: 'onLanguage'
2024-09-02 14:02:57.964 [info] ExtensionService#_doActivateExtension vscode.git-base, startup: true, activationEvent: '*', root cause: vscode.git
2024-09-02 14:02:57.985 [info] Lock '/home/reid_butler/.codeoss/data/User/workspaceStorage/6c2144b5-1/vscode.lock': Could not acquire lock, checking if the file is stale.
2024-09-02 14:02:57.986 [info] Lock '/home/reid_butler/.codeoss/data/User/workspaceStorage/6c2144b5-1/vscode.lock': The lock does not look stale, elapsed: 387 ms, giving up.
2024-09-02 14:02:58.012 [info] Lock '/home/reid_butler/.codeoss/data/User/workspaceStorage/6c2144b5-2/vscode.lock': Lock acquired.
2024-09-02 14:02:58.335 [info] ExtensionService#_doActivateExtension vscode.git, startup: true, activationEvent: '*'
2024-09-02 14:02:58.336 [info] ExtensionService#_doActivateExtension vscode.github, startup: true, activationEvent: '*'
2024-09-02 14:03:00.136 [info] ExtensionService#_doActivateExtension redhat.fabric8-analytics, startup: true, activationEvent: 'workspaceContains:**/package.json,**/pom.xml,**/go.mod,**/requirements.txt'
2024-09-02 14:03:01.327 [info] Eager extensions activated
2024-09-02 14:03:01.327 [info] ExtensionService#_doActivateExtension EditorConfig.EditorConfig, startup: false, activationEvent: 'onStartupFinished'
2024-09-02 14:03:01.332 [info] ExtensionService#_doActivateExtension google.cloud-shell, startup: false, activationEvent: 'onStartupFinished'
2024-09-02 14:03:01.332 [info] ExtensionService#_doActivateExtension googlecloudtools.cloudcode, startup: false, activationEvent: 'onStartupFinished'
2024-09-02 14:03:01.333 [info] ExtensionService#_doActivateExtension vscode.debug-auto-launch, startup: false, activationEvent: 'onStartupFinished'
2024-09-02 14:03:01.339 [info] ExtensionService#_doActivateExtension vscode.merge-conflict, startup: false, activationEvent: 'onStartupFinished'
2024-09-02 14:03:18.384 [warning] [Decorations] CAPPING events from decorations provider vscode.git 2483
2024-09-02 14:03:23.016 [warning] [Decorations] CAPPING events from decorations provider vscode.git 2489
2024-09-02 14:03:27.658 [info] ExtensionService#_doActivateExtension vscode.github-authentication, startup: false, activationEvent: 'onAuthenticationRequest:github'
2024-09-02 14:04:27.082 [info] ExtensionService#_doActivateExtension vscode.json-language-features, startup: false, activationEvent: 'onLanguage:jsonc'
2024-09-02 14:04:27.084 [info] ExtensionService#_doActivateExtension vscode.typescript-language-features, startup: false, activationEvent: 'onLanguage:jsonc'
