Initializing document watcher...
Document watcher initialized
reid_butler/python-docs-samples/video/live-stream/create_input.py: {}
reid_butler/python-docs-samples/video/live-stream/create_input.py: {}
reid_butler/python-docs-samples/video/live-stream/create_input.py: {}
reid_butler/python-docs-samples/video/live-stream/create_input.py: Using EditorConfig core...
reid_butler/python-docs-samples/video/live-stream/create_input.py: Using EditorConfig core...
reid_butler/python-docs-samples/video/live-stream/create_input.py: Using EditorConfig core...
reid_butler/python-docs-samples/video/live-stream/create_input.py: Using EditorConfig core...
reid_butler/python-docs-samples/video/live-stream/create_input.py: Using EditorConfig core...
reid_butler/python-docs-samples/video/live-stream/create_input.py: {}
reid_butler/python-docs-samples/video/live-stream/create_input.py: {}
reid_butler/python-docs-samples/video/live-stream/create_input.py: {}
reid_butler/python-docs-samples/video/live-stream/create_input.py: {}
reid_butler/python-docs-samples/video/live-stream/create_input.py: {}
reid_butler/python-docs-samples/video/live-stream/create_input.py: {}
reid_butler/python-docs-samples/video/live-stream/create_input.py: {}
reid_butler/python-docs-samples/video/live-stream/create_input.py: {}
reid_butler/python-docs-samples/video/live-stream/create_input.py: {}
reid_butler/python-docs-samples/video/live-stream/create_input.py: {}
reid_butler/python-docs-samples/video/live-stream/create_input.py: Using EditorConfig core...
reid_butler/python-docs-samples/video/live-stream/create_input.py: Using EditorConfig core...
reid_butler/python-docs-samples/video/live-stream/create_input.py: Using EditorConfig core...
reid_butler/python-docs-samples/video/live-stream/create_input.py: Using EditorConfig core...
reid_butler/python-docs-samples/video/live-stream/create_input.py: Using EditorConfig core...
reid_butler/python-docs-samples/video/live-stream/create_input.py: Using EditorConfig core...
reid_butler/python-docs-samples/video/live-stream/create_input.py: Using EditorConfig core...
reid_butler/python-docs-samples/video/live-stream/create_input.py: Using EditorConfig core...
reid_butler/python-docs-samples/video/live-stream/create_input.py: Using EditorConfig core...
reid_butler/python-docs-samples/video/live-stream/create_input.py: Using EditorConfig core...
reid_butler/python-docs-samples/video/live-stream/create_input.py: Using EditorConfig core...
reid_butler/python-docs-samples/video/live-stream/create_input.py: Using EditorConfig core...
reid_butler/python-docs-samples/video/live-stream/create_input.py: Using EditorConfig core...
reid_butler/python-docs-samples/video/live-stream/create_input.py: Using EditorConfig core...
reid_butler/python-docs-samples/video/live-stream/create_input.py: {}
reid_butler/python-docs-samples/video/live-stream/create_input.py: {}
reid_butler/python-docs-samples/video/live-stream/create_input.py: {}
reid_butler/python-docs-samples/video/live-stream/create_input.py: Using EditorConfig core...
undefined: {}
reid_butler/python-docs-samples/video/live-stream/create_input.py: {}
reid_butler/python-docs-samples/video/live-stream/create_input.py: Using EditorConfig core...
undefined: {}
reid_butler/python-docs-samples/video/live-stream/create_input.py: {}
reid_butler/python-docs-samples/video/live-stream/create_input.py: {}
reid_butler/python-docs-samples/video/live-stream/create_input.py: {}
reid_butler/python-docs-samples/video/live-stream/create_input.py: Using EditorConfig core...
reid_butler/python-docs-samples/video/live-stream/create_input.py: {}
reid_butler/python-docs-samples/video/live-stream/create_input.py: {}
reid_butler/python-docs-samples/video/live-stream/create_input.py: Using EditorConfig core...
reid_butler/python-docs-samples/video/live-stream/create_input.py: Using EditorConfig core...
reid_butler/python-docs-samples/video/live-stream/create_input.py: Using EditorConfig core...
reid_butler/python-docs-samples/video/live-stream/create_input.py: Using EditorConfig core...
reid_butler/python-docs-samples/video/live-stream/create_input.py: {}
reid_butler/python-docs-samples/video/live-stream/create_input.py: {}
reid_butler/python-docs-samples/video/live-stream/create_input.py: {}
reid_butler/python-docs-samples/video/live-stream/create_input.py: {}
reid_butler/python-docs-samples/video/live-stream/create_input.py: {}
reid_butler/python-docs-samples/video/live-stream/create_input.py: {}
reid_butler/python-docs-samples/video/live-stream/create_input.py: {}
reid_butler/python-docs-samples/video/live-stream/create_input.py: {}
reid_butler/python-docs-samples/video/live-stream/create_input.py: {}
reid_butler/python-docs-samples/video/live-stream/create_input.py: {}
reid_butler/python-docs-samples/video/live-stream/create_input.py: {}
reid_butler/python-docs-samples/video/live-stream/create_input.py: {}
reid_butler/python-docs-samples/video/live-stream/create_input.py: {}
reid_butler/python-docs-samples/video/live-stream/create_input.py: Using EditorConfig core...
reid_butler/python-docs-samples/video/live-stream/create_input.py: Using EditorConfig core...
reid_butler/python-docs-samples/video/live-stream/create_input.py: {}
reid_butler/python-docs-samples/video/live-stream/create_input.py: Using EditorConfig core...
reid_butler/python-docs-samples/video/live-stream/create_input.py: Using EditorConfig core...
reid_butler/python-docs-samples/video/live-stream/create_input.py: Using EditorConfig core...
reid_butler/python-docs-samples/video/live-stream/create_input.py: Using EditorConfig core...
reid_butler/python-docs-samples/video/live-stream/create_input.py: Using EditorConfig core...
reid_butler/python-docs-samples/video/live-stream/create_input.py: Using EditorConfig core...
reid_butler/python-docs-samples/video/live-stream/create_input.py: Using EditorConfig core...
reid_butler/python-docs-samples/video/live-stream/create_input.py: Using EditorConfig core...
reid_butler/python-docs-samples/video/live-stream/create_input.py: Using EditorConfig core...
reid_butler/python-docs-samples/video/live-stream/create_input.py: Using EditorConfig core...
reid_butler/python-docs-samples/video/live-stream/create_input.py: Using EditorConfig core...
reid_butler/python-docs-samples/video/live-stream/create_input.py: Using EditorConfig core...
reid_butler/python-docs-samples/video/live-stream/create_input.py: Using EditorConfig core...
reid_butler/python-docs-samples/video/live-stream/create_input.py: Using EditorConfig core...
reid_butler/python-docs-samples/video/live-stream/create_input.py: Using EditorConfig core...
reid_butler/python-docs-samples/video/live-stream/create_input.py: Using EditorConfig core...
reid_butler/python-docs-samples/video/live-stream/create_input.py: Using EditorConfig core...
reid_butler/python-docs-samples/video/live-stream/create_input.py: Using EditorConfig core...
reid_butler/python-docs-samples/video/live-stream/create_input.py: Using EditorConfig core...
reid_butler/python-docs-samples/video/live-stream/create_input.py: Using EditorConfig core...
reid_butler/python-docs-samples/video/live-stream/create_input.py: Using EditorConfig core...
reid_butler/python-docs-samples/video/live-stream/create_input.py: Using EditorConfig core...
reid_butler/python-docs-samples/video/live-stream/create_input.py: Using EditorConfig core...
reid_butler/python-docs-samples/video/live-stream/create_input.py: Using EditorConfig core...
reid_butler/python-docs-samples/video/live-stream/create_input.py: Using EditorConfig core...
reid_butler/python-docs-samples/video/live-stream/create_input.py: {}
reid_butler/python-docs-samples/video/live-stream/create_input.py: {}
reid_butler/python-docs-samples/video/live-stream/create_input.py: {}
reid_butler/python-docs-samples/video/live-stream/create_input.py: {}
reid_butler/python-docs-samples/video/live-stream/create_input.py: {}
reid_butler/python-docs-samples/video/live-stream/create_input.py: {}
reid_butler/python-docs-samples/video/live-stream/create_input.py: {}
reid_butler/python-docs-samples/video/live-stream/create_input.py: {}
reid_butler/python-docs-samples/video/live-stream/create_input.py: {}
reid_butler/python-docs-samples/video/live-stream/create_input.py: {}
reid_butler/python-docs-samples/video/live-stream/create_input.py: {}
reid_butler/python-docs-samples/video/live-stream/create_input.py: {}
reid_butler/python-docs-samples/video/live-stream/create_input.py: {}
reid_butler/python-docs-samples/video/live-stream/create_input.py: {}
reid_butler/python-docs-samples/video/live-stream/create_input.py: {}
reid_butler/python-docs-samples/video/live-stream/create_input.py: {}
reid_butler/python-docs-samples/video/live-stream/create_input.py: {}
reid_butler/python-docs-samples/video/live-stream/create_input.py: {}
