Initializing document watcher...
Document watcher initialized
reid_butler/python-docs-samples/video/live-stream/input_test.py: {}
ms-python.python.Python: {}
reid_butler/python-docs-samples/video/live-stream/input_test.py: {}
reid_butler/python-docs-samples/video/live-stream/input_test.py: {}
No more open editors.
/usr/lib/python3.10/os.py: {}
reid_butler/python-docs-samples/video/live-stream/input_test.py: {}
ms-python.python.Python: {}
reid_butler/python-docs-samples/video/live-stream/input_test.py: {}
ms-python.python.Python: {}
reid_butler/python-docs-samples/video/live-stream/input_test.py: {}
ms-python.python.Python: {}
reid_butler/python-docs-samples/video/live-stream/input_test.py: {}
reid_butler/python-docs-samples/video/live-stream/input_test.py: {}
reid_butler/python-docs-samples/video/live-stream/input_test.py: {}
reid_butler/python-docs-samples/video/live-stream/input_test.py: {}
reid_butler/python-docs-samples/video/live-stream/input_test.py: {}
reid_butler/python-docs-samples/video/live-stream/input_test.py: {}
reid_butler/python-docs-samples/video/live-stream/input_test.py: {}
reid_butler/python-docs-samples/video/live-stream/input_test.py: {}
reid_butler/python-docs-samples/video/live-stream/input_test.py: {}
reid_butler/python-docs-samples/video/live-stream/input_test.py: {}
reid_butler/python-docs-samples/video/live-stream/input_test.py: {}
reid_butler/python-docs-samples/video/live-stream/input_test.py: {}
reid_butler/python-docs-samples/video/live-stream/input_test.py: {}
reid_butler/python-docs-samples/video/live-stream/input_test.py: {}
reid_butler/python-docs-samples/video/live-stream/input_test.py: {}
reid_butler/python-docs-samples/video/live-stream/input_test.py: {}
reid_butler/python-docs-samples/video/live-stream/input_test.py: {}
reid_butler/python-docs-samples/video/live-stream/input_test.py: {}
reid_butler/python-docs-samples/video/live-stream/input_test.py: Using EditorConfig core...
reid_butler/python-docs-samples/video/live-stream/input_test.py: Using EditorConfig core...
reid_butler/python-docs-samples/video/live-stream/input_test.py: {}
reid_butler/python-docs-samples/video/live-stream/input_test.py: Using EditorConfig core...
reid_butler/python-docs-samples/video/live-stream/input_test.py: {}
ms-python.python.Python: {}
reid_butler/python-docs-samples/video/live-stream/input_test.py: {}
ms-python.python.Python: {}
reid_butler/python-docs-samples/video/live-stream/input_test.py: {}
reid_butler/python-docs-samples/video/live-stream/input_test.py: {}
reid_butler/python-docs-samples/video/live-stream/input_test.py: {}
reid_butler/python-docs-samples/video/live-stream/input_test.py: {}
reid_butler/python-docs-samples/video/live-stream/input_test.py: {}
reid_butler/python-docs-samples/video/live-stream/input_test.py: {}
reid_butler/python-docs-samples/video/live-stream/input_test.py: {}
reid_butler/python-docs-samples/video/live-stream/input_test.py: Using EditorConfig core...
reid_butler/python-docs-samples/video/live-stream/input_test.py: {}
reid_butler/python-docs-samples/video/live-stream/input_test.py: Using EditorConfig core...
reid_butler/python-docs-samples/video/live-stream/input_test.py: Using EditorConfig core...
reid_butler/python-docs-samples/video/live-stream/input_test.py: Using EditorConfig core...
reid_butler/python-docs-samples/video/live-stream/input_test.py: Using EditorConfig core...
reid_butler/python-docs-samples/video/live-stream/input_test.py: Using EditorConfig core...
reid_butler/python-docs-samples/video/live-stream/input_test.py: Using EditorConfig core...
reid_butler/python-docs-samples/video/live-stream/input_test.py: Using EditorConfig core...
reid_butler/python-docs-samples/video/live-stream/input_test.py: {}
reid_butler/python-docs-samples/video/live-stream/input_test.py: Using EditorConfig core...
reid_butler/python-docs-samples/video/live-stream/input_test.py: Using EditorConfig core...
reid_butler/python-docs-samples/video/live-stream/input_test.py: Using EditorConfig core...
ms-python.python.Python: {}
reid_butler/python-docs-samples/video/live-stream/input_test.py: {}
reid_butler/python-docs-samples/video/live-stream/input_test.py: Using EditorConfig core...
reid_butler/python-docs-samples/video/live-stream/input_test.py: Using EditorConfig core...
reid_butler/python-docs-samples/video/live-stream/input_test.py: Using EditorConfig core...
reid_butler/python-docs-samples/video/live-stream/input_test.py: {}
/User/settings.json: Using EditorConfig core...
reid_butler/python-docs-samples/video/live-stream/input_test.py: {}
reid_butler/python-docs-samples/video/live-stream/input_test.py: {}
reid_butler/python-docs-samples/video/live-stream/input_test.py: Using EditorConfig core...
ms-python.python.Python: {}
reid_butler/python-docs-samples/pytest.ini: {}
reid_butler/python-docs-samples/pytest.ini: {}
reid_butler/python-docs-samples/pytest.ini: {}
reid_butler/python-docs-samples/pytest.ini: {}
reid_butler/python-docs-samples/video/live-stream/input_test.py: {}
reid_butler/python-docs-samples/video/live-stream/input_test.py: {}
reid_butler/python-docs-samples/pytest.ini: {}
reid_butler/python-docs-samples/video/live-stream/create_input.py: {}
reid_butler/python-docs-samples/video/live-stream/create_input.py: Using EditorConfig core...
reid_butler/python-docs-samples/video/live-stream/create_input.py: {}
reid_butler/python-docs-samples/video/live-stream/create_input.py: Using EditorConfig core...
reid_butler/python-docs-samples/video/live-stream/create_input.py: Using EditorConfig core...
reid_butler/python-docs-samples/video/live-stream/create_input.py: Using EditorConfig core...
reid_butler/python-docs-samples/video/live-stream/create_input.py: Using EditorConfig core...
ms-python.python.Python: {}
reid_butler/python-docs-samples/video/live-stream/create_input.py: {}
reid_butler/python-docs-samples/video/live-stream/create_input.py: {}
reid_butler/python-docs-samples/video/live-stream/create_input.py: {}
reid_butler/python-docs-samples/video/live-stream/create_input.py: {}
reid_butler/python-docs-samples/video/live-stream/create_input.py: Using EditorConfig core...
reid_butler/python-docs-samples/video/live-stream/create_input.py: Using EditorConfig core...
reid_butler/python-docs-samples/video/live-stream/create_input.py: Using EditorConfig core...
reid_butler/python-docs-samples/video/live-stream/create_input.py: Using EditorConfig core...
reid_butler/python-docs-samples/video/live-stream/create_input.py: Using EditorConfig core...
reid_butler/python-docs-samples/video/live-stream/create_input.py: Using EditorConfig core...
reid_butler/python-docs-samples/video/live-stream/create_input.py: {}
reid_butler/python-docs-samples/video/live-stream/create_input.py: {}
reid_butler/python-docs-samples/video/live-stream/create_input.py: {}
reid_butler/python-docs-samples/video/live-stream/create_input.py: {}
reid_butler/python-docs-samples/video/live-stream/create_input.py: {}
reid_butler/python-docs-samples/video/live-stream/create_input.py: {}
reid_butler/python-docs-samples/video/live-stream/create_input.py: {}
reid_butler/python-docs-samples/video/live-stream/create_input.py: {}
reid_butler/python-docs-samples/video/live-stream/create_input.py: {}
reid_butler/python-docs-samples/video/live-stream/create_input.py: {}
reid_butler/python-docs-samples/video/live-stream/create_input.py: {}
reid_butler/python-docs-samples/video/live-stream/create_input.py: {}
reid_butler/python-docs-samples/video/live-stream/create_input.py: {}
reid_butler/python-docs-samples/video/live-stream/create_input.py: {}
reid_butler/python-docs-samples/video/live-stream/create_input.py: Using EditorConfig core...
reid_butler/python-docs-samples/video/live-stream/create_input.py: Using EditorConfig core...
reid_butler/python-docs-samples/video/live-stream/cors.json: {}
reid_butler/python-docs-samples/video/live-stream/create_input.py: {}
reid_butler/python-docs-samples/video/live-stream/input_test.py: {}
reid_butler/python-docs-samples/video/live-stream/input_test.py: Using EditorConfig core...
reid_butler/python-docs-samples/video/live-stream/create_input.py: {}
reid_butler/python-docs-samples/video/live-stream/create_input.py: {}
reid_butler/python-docs-samples/video/live-stream/input_test.py: {}
/home/reid_butler/python-docs-samples/video/live-stream/input_test.py: {}
/home/reid_butler/python-docs-samples/video/live-stream/input_test.py: {}
reid_butler/python-docs-samples/video/live-stream/create_input.py: {}
reid_butler/python-docs-samples/video/live-stream/create_input.py: {}
/home/reid_butler/python-docs-samples/video/live-stream/input_test.py: {}
vscode.git.Git: {}
/home/reid_butler/python-docs-samples/video/live-stream/input_test.py: {}
No more open editors.
/home/reid_butler/python-docs-samples/video/live-stream/create_input.py: {}
/home/reid_butler/python-docs-samples/video/live-stream/input_test.py: {}
/home/reid_butler/python-docs-samples/video/live-stream/create_input.py: {}
/home/reid_butler/python-docs-samples/video/live-stream/cors.json: {}
/home/reid_butler/python-docs-samples/video/live-stream/cors.json: {}
/home/reid_butler/python-docs-samples/video/live-stream/cors.json: {}
/home/reid_butler/python-docs-samples/video/live-stream/cors.json: {}
reid_butler/python-docs-samples/.git/COMMIT_EDITMSG: {}
reid_butler/python-docs-samples/.git/COMMIT_EDITMSG: {}
reid_butler/.git/COMMIT_EDITMSG: {}
vscode.git.Git: {}
reid_butler/.git/COMMIT_EDITMSG: {}
vscode.git.Git: {}
reid_butler/.git/COMMIT_EDITMSG: {}
reid_butler/python-docs-samples/.git/COMMIT_EDITMSG: {}
reid_butler/.git/COMMIT_EDITMSG: {}
reid_butler/python-docs-samples/.git/COMMIT_EDITMSG: {}
/home/reid_butler/python-docs-samples/video/live-stream/cors.json: {}
reid_butler/python-docs-samples/.git/COMMIT_EDITMSG: {}
reid_butler/python-docs-samples/.git/COMMIT_EDITMSG: {}
reid_butler/python-docs-samples/.git/COMMIT_EDITMSG: {}
reid_butler/python-docs-samples/.git/COMMIT_EDITMSG: {}
/User/settings.json: Using EditorConfig core...
