Initializing document watcher...
Document watcher initialized
reid_butler/python-docs-samples/video/live-stream/create_input.py: {}
reid_butler/python-docs-samples/video/live-stream/create_input.py: Using EditorConfig core...
reid_butler/python-docs-samples/video/live-stream/create_input.py: Using EditorConfig core...
undefined: {}
reid_butler/se-development-9566-288c5f06f11d.json: {}
reid_butler/python-docs-samples/video/live-stream/input_test.py: {}
reid_butler/python-docs-samples/video/live-stream/input_test.py: Using EditorConfig core...
reid_butler/python-docs-samples/video/live-stream/create_input.py: {}
reid_butler/python-docs-samples/video/live-stream/create_input.py: {}
reid_butler/python-docs-samples/video/live-stream/input_test.py: {}
reid_butler/python-docs-samples/video/live-stream/input_test.py: {}
reid_butler/python-docs-samples/video/live-stream/input_test.py: Using EditorConfig core...
reid_butler/python-docs-samples/video/live-stream/input_test.py: {}
reid_butler/python-docs-samples/video/live-stream/input_test.py: {}
reid_butler/python-docs-samples/video/live-stream/input_test.py: {}
reid_butler/python-docs-samples/video/live-stream/input_test.py: Using EditorConfig core...
reid_butler/python-docs-samples/video/live-stream/input_test.py: Using EditorConfig core...
reid_butler/python-docs-samples/video/live-stream/input_test.py: Using EditorConfig core...
reid_butler/python-docs-samples/video/live-stream/input_test.py: {}
reid_butler/python-docs-samples/video/live-stream/input_test.py: {}
reid_butler/python-docs-samples/video/live-stream/input_test.py: {}
reid_butler/python-docs-samples/video/live-stream/input_test.py: {}
reid_butler/python-docs-samples/video/live-stream/input_test.py: {}
reid_butler/python-docs-samples/video/live-stream/input_test.py: {}
reid_butler/python-docs-samples/video/live-stream/input_test.py: Using EditorConfig core...
reid_butler/python-docs-samples/video/live-stream/input_test.py: {}
reid_butler/python-docs-samples/video/live-stream/input_test.py: {}
reid_butler/python-docs-samples/video/live-stream/input_test.py: {}
reid_butler/python-docs-samples/video/live-stream/input_test.py: {}
reid_butler/python-docs-samples/video/live-stream/input_test.py: {}
reid_butler/python-docs-samples/video/live-stream/input_test.py: Using EditorConfig core...
reid_butler/python-docs-samples/video/live-stream/input_test.py: Using EditorConfig core...
reid_butler/python-docs-samples/video/live-stream/input_test.py: Using EditorConfig core...
reid_butler/python-docs-samples/video/live-stream/input_test.py: {}
reid_butler/python-docs-samples/video/live-stream/input_test.py: {}
reid_butler/python-docs-samples/video/live-stream/input_test.py: Using EditorConfig core...
reid_butler/python-docs-samples/video/live-stream/input_test.py: Using EditorConfig core...
reid_butler/python-docs-samples/video/live-stream/input_test.py: Using EditorConfig core...
/usr/lib/python3.10/os.py: {}
/usr/lib/python3.10/os.py: {}
reid_butler/python-docs-samples/video/live-stream/input_test.py: {}
reid_butler/python-docs-samples/video/live-stream/input_test.py: {}
reid_butler/python-docs-samples/video/live-stream/create_input.py: {}
reid_butler/python-docs-samples/video/live-stream/input_test.py: {}
reid_butler/python-docs-samples/video/live-stream/input_test.py: {}
reid_butler/python-docs-samples/video/live-stream/input_test.py: {}
reid_butler/python-docs-samples/video/live-stream/input_test.py: {}
reid_butler/python-docs-samples/video/live-stream/input_test.py: {}
