2024-08-30 22:14:07.597 [info] WARNING:pygls.protocol:Cancel notification for unknown message id "30"

2024-08-30 22:14:43.675 [info] WARNING:pygls.protocol:Cancel notification for unknown message id "40"

2024-08-30 22:15:41.125 [info] WARNING:pygls.protocol:Cancel notification for unknown message id "77"

2024-08-30 22:17:22.928 [info] WARNING:pygls.protocol:Cancel notification for unknown message id "138"

2024-08-30 22:17:29.042 [info] WARNING:pygls.protocol:Cancel notification for unknown message id "145"

2024-08-30 22:17:34.540 [info] WARNING:pygls.protocol:Cancel notification for unknown message id "152"

2024-08-30 22:17:34.550 [info] WARNING:pygls.protocol:Cancel notification for unknown message id "154"

2024-08-30 22:18:07.363 [info] ERROR:pygls.protocol:Failed to handle request 159 textDocument/hover HoverParams(text_document=TextDocumentIdentifier(uri='file:///home/reid_butler/python-docs-samples/video/live-stream/create_input.py'), position=26:22, work_done_token=None)
Traceback (most recent call last):
  File "/google/devshell/editor/code-oss-for-cloud-shell/extensions/ms-python.python/python_files/lib/jedilsp/pygls/protocol.py", line 340, in _handle_request
    self._execute_request(msg_id, handler, params)
  File "/google/devshell/editor/code-oss-for-cloud-shell/extensions/ms-python.python/python_files/lib/jedilsp/pygls/protocol.py", line 264, in _execute_request
    self._send_response(msg_id, handler(params))
  File "/google/devshell/editor/code-oss-for-cloud-shell/extensions/ms-python.python/python_files/lib/jedilsp/jedi_language_server/server.py", line 383, in hover
    hover_text = jedi_utils.hover_text(
  File "/google/devshell/editor/code-oss-for-cloud-shell/extensions/ms-python.python/python_files/lib/jedilsp/jedi_language_server/jedi_utils.py", line 660, in hover_text
    if _hover_ignore(name, initialization_options):
  File "/google/devshell/editor/code-oss-for-cloud-shell/extensions/ms-python.python/python_files/lib/jedilsp/jedi_language_server/jedi_utils.py", line 640, in _hover_ignore
    ignore_type: HoverDisableOptions = getattr(
AttributeError: 'HoverDisable' object has no attribute 'namespace_'

2024-08-30 22:18:07.366 [info] [Error - 10:18:07 PM] Request textDocument/hover failed.
2024-08-30 22:18:07.367 [info]   Message: AttributeError: 'HoverDisable' object has no attribute 'namespace_'
  Code: -32602 
{'traceback': ['  File "/google/devshell/editor/code-oss-for-cloud-shell/extensions/ms-python.python/python_files/lib/jedilsp/pygls/protocol.py", line 340, in _handle_request\n    self._execute_request(msg_id, handler, params)\n', '  File "/google/devshell/editor/code-oss-for-cloud-shell/extensions/ms-python.python/python_files/lib/jedilsp/pygls/protocol.py", line 264, in _execute_request\n    self._send_response(msg_id, handler(params))\n', '  File "/google/devshell/editor/code-oss-for-cloud-shell/extensions/ms-python.python/python_files/lib/jedilsp/jedi_language_server/server.py", line 383, in hover\n    hover_text = jedi_utils.hover_text(\n', '  File "/google/devshell/editor/code-oss-for-cloud-shell/extensions/ms-python.python/python_files/lib/jedilsp/jedi_language_server/jedi_utils.py", line 660, in hover_text\n    if _hover_ignore(name, initialization_options):\n', '  File "/google/devshell/editor/code-oss-for-cloud-shell/extensions/ms-python.python/python_files/lib/jedilsp/jedi_language_server/jedi_utils.py", line 640, in _hover_ignore\n    ignore_type: HoverDisableOptions = getattr(\n']}
2024-08-30 22:18:37.645 [info] WARNING:pygls.protocol:Cancel notification for unknown message id "168"

2024-08-30 22:19:21.546 [info] WARNING:pygls.protocol:Cancel notification for unknown message id "211"

2024-08-30 22:19:21.564 [info] WARNING:pygls.protocol:Cancel notification for unknown message id "212"

2024-08-30 22:19:24.634 [info] WARNING:pygls.protocol:Cancel notification for unknown message id "218"

2024-08-30 22:19:26.598 [info] WARNING:pygls.protocol:Cancel notification for unknown message id "220"

2024-08-30 22:19:27.024 [info] WARNING:pygls.protocol:Cancel notification for unknown message id "221"

2024-08-30 22:19:27.039 [info] WARNING:pygls.protocol:Cancel notification for unknown message id "222"

2024-08-30 22:19:27.448 [info] WARNING:pygls.protocol:Cancel notification for unknown message id "223"

2024-08-30 22:19:27.903 [info] WARNING:pygls.protocol:Cancel notification for unknown message id "224"

2024-08-30 22:19:27.905 [info] WARNING:pygls.protocol:Cancel notification for unknown message id "226"

2024-08-30 22:19:28.286 [info] WARNING:pygls.protocol:Cancel notification for unknown message id "227"

2024-08-30 22:19:28.323 [info] WARNING:pygls.protocol:Cancel notification for unknown message id "229"

2024-08-30 22:19:28.736 [info] WARNING:pygls.protocol:Cancel notification for unknown message id "230"

2024-08-30 22:19:28.736 [info] WARNING:pygls.protocol:Cancel notification for unknown message id "231"

2024-08-30 22:19:28.741 [info] WARNING:pygls.protocol:Cancel notification for unknown message id "232"

2024-08-30 22:19:29.210 [info] WARNING:pygls.protocol:Cancel notification for unknown message id "235"

2024-08-30 22:19:29.226 [info] WARNING:pygls.protocol:Cancel notification for unknown message id "237"

2024-08-30 22:19:29.228 [info] WARNING:pygls.protocol:Cancel notification for unknown message id "236"

2024-08-30 22:19:33.362 [info] WARNING:pygls.protocol:Cancel notification for unknown message id "245"

2024-08-30 22:19:37.887 [info] WARNING:pygls.protocol:Cancel notification for unknown message id "252"

