2024-08-30 22:11:26.441 [info] Default formatter is set to null for workspace /home/reid_butler
2024-08-30 22:11:26.443 [info] Test server listening.
2024-08-30 22:11:26.444 [info] Python interpreter path: /bin/python
2024-08-30 22:11:26.568 [info] > pyenv which python
2024-08-30 22:11:26.568 [info] cwd: .
2024-08-30 22:11:35.769 [info] Starting Jedi language server for reid_butler.
2024-08-30 22:13:36.138 [info] Send text to terminal: /bin/python /home/reid_butler/python-docs-samples/video/live-stream/create_channel.py
2024-08-30 22:14:55.523 [info] Discover tests for workspace name: reid_butler - uri: /home/reid_butler/python-docs-samples/video/live-stream/create_input.py
2024-08-30 22:14:59.139 [info] Discover tests for workspace name: reid_butler - uri: /home/reid_butler/python-docs-samples/video/live-stream/create_input.py
2024-08-30 22:15:10.343 [info] Discover tests for workspace name: reid_butler - uri: /home/reid_butler/python-docs-samples/video/live-stream/create_input.py
2024-08-30 22:16:29.844 [info] Discover tests for workspace name: reid_butler - uri: /home/reid_butler/python-docs-samples/video/live-stream/create_input.py
2024-08-30 22:16:36.105 [info] Send text to terminal: /bin/python /home/reid_butler/python-docs-samples/video/live-stream/create_input.py
2024-08-30 22:17:03.401 [info] Discover tests for workspace name: reid_butler - uri: /home/reid_butler/python-docs-samples/video/live-stream/create_input.py
2024-08-30 22:17:04.864 [info] Discover tests for workspace name: reid_butler - uri: /home/reid_butler/python-docs-samples/video/live-stream/create_input.py
2024-08-30 22:17:06.012 [info] Discover tests for workspace name: reid_butler - uri: /home/reid_butler/python-docs-samples/video/live-stream/create_input.py
2024-08-30 22:17:07.208 [info] Discover tests for workspace name: reid_butler - uri: /home/reid_butler/python-docs-samples/video/live-stream/create_input.py
2024-08-30 22:17:08.631 [info] Discover tests for workspace name: reid_butler - uri: /home/reid_butler/python-docs-samples/video/live-stream/create_input.py
2024-08-30 22:17:10.626 [info] Discover tests for workspace name: reid_butler - uri: /home/reid_butler/python-docs-samples/video/live-stream/create_input.py
2024-08-30 22:17:18.232 [info] Send text to terminal: /bin/python /home/reid_butler/python-docs-samples/video/live-stream/create_input.py
2024-08-30 22:17:24.789 [info] Discover tests for workspace name: reid_butler - uri: /home/reid_butler/python-docs-samples/video/live-stream/create_input.py
2024-08-30 22:17:40.396 [info] Send text to terminal: /bin/python /home/reid_butler/python-docs-samples/video/live-stream/create_input.py
2024-08-30 22:19:15.237 [info] Discover tests for workspace name: reid_butler - uri: /home/reid_butler/python-docs-samples/video/live-stream/create_input.py
2024-08-30 22:19:22.749 [info] Discover tests for workspace name: reid_butler - uri: /home/reid_butler/python-docs-samples/video/live-stream/create_input.py
2024-08-30 22:19:30.678 [info] Discover tests for workspace name: reid_butler - uri: /home/reid_butler/python-docs-samples/video/live-stream/create_input.py
2024-08-30 22:19:35.651 [info] Discover tests for workspace name: reid_butler - uri: /home/reid_butler/python-docs-samples/video/live-stream/create_input.py
2024-08-30 22:19:38.761 [info] Discover tests for workspace name: reid_butler - uri: /home/reid_butler/python-docs-samples/video/live-stream/create_input.py
2024-08-30 22:19:44.521 [info] Send text to terminal: /bin/python /home/reid_butler/python-docs-samples/video/live-stream/create_input.py
2024-08-30 22:22:24.420 [info] Discover tests for workspace name: reid_butler - uri: /home/reid_butler/python-docs-samples/video/live-stream/create_input.py
2024-08-30 22:22:26.935 [info] Discover tests for workspace name: reid_butler - uri: /home/reid_butler/python-docs-samples/video/live-stream/create_input.py
