2024-09-02 11:50:22.166 [info] Log level: Info
2024-09-02 11:50:22.166 [info] Validating found git in: "git"
2024-09-02 11:50:22.167 [info] Using git "2.34.1" from "git"
2024-09-02 11:50:22.167 [info] > git rev-parse --show-toplevel [29ms]
2024-09-02 11:50:22.174 [info] fatal: not a git repository (or any parent up to mount point /)
Stopping at filesystem boundary (GIT_DISCOVERY_ACROSS_FILESYSTEM not set).
2024-09-02 11:50:22.175 [info] > git rev-parse --show-toplevel [6174ms]
2024-09-02 11:50:22.602 [info] > git rev-parse --git-dir --git-common-dir [326ms]
2024-09-02 11:50:22.629 [info] Open repository: /home/reid_butler/python-docs-samples
2024-09-02 11:50:22.943 [info] > git rev-parse --show-toplevel [164ms]
2024-09-02 11:50:22.950 [info] fatal: not a git repository (or any parent up to mount point /)
Stopping at filesystem boundary (GIT_DISCOVERY_ACROSS_FILESYSTEM not set).
2024-09-02 11:50:22.953 [info] > git config --get commit.template [265ms]
2024-09-02 11:50:23.146 [info] > git rev-parse --show-toplevel [104ms]
2024-09-02 11:50:23.147 [info] fatal: not a git repository (or any parent up to mount point /)
Stopping at filesystem boundary (GIT_DISCOVERY_ACROSS_FILESYSTEM not set).
2024-09-02 11:50:23.241 [info] > git rev-parse --show-toplevel [4ms]
2024-09-02 11:50:23.241 [info] fatal: not a git repository (or any parent up to mount point /)
Stopping at filesystem boundary (GIT_DISCOVERY_ACROSS_FILESYSTEM not set).
2024-09-02 11:50:23.242 [info] > git for-each-ref --format=%(refname)%00%(upstream:short)%00%(objectname)%00%(upstream:track)%00%(upstream:remotename)%00%(upstream:remoteref) refs/heads/main refs/remotes/main [100ms]
2024-09-02 11:50:23.339 [warning] ENOENT: no such file or directory, open '/home/reid_butler/python-docs-samples/.git/refs/remotes/origin/main'
2024-09-02 11:50:23.455 [info] > git check-ignore -v -z --stdin [75ms]
2024-09-02 11:50:23.467 [info] > git rev-parse refs/remotes/origin/main [128ms]
2024-09-02 11:50:23.543 [info] > git rev-parse --show-toplevel [242ms]
2024-09-02 11:50:23.544 [info] fatal: not a git repository (or any parent up to mount point /)
Stopping at filesystem boundary (GIT_DISCOVERY_ACROSS_FILESYSTEM not set).
2024-09-02 11:50:23.717 [info] > git rev-parse --show-toplevel [88ms]
2024-09-02 11:50:23.718 [info] fatal: not a git repository (or any parent up to mount point /)
Stopping at filesystem boundary (GIT_DISCOVERY_ACROSS_FILESYSTEM not set).
2024-09-02 11:50:23.817 [info] > git rev-parse --show-toplevel [20ms]
2024-09-02 11:50:23.818 [info] fatal: not a git repository (or any parent up to mount point /)
Stopping at filesystem boundary (GIT_DISCOVERY_ACROSS_FILESYSTEM not set).
2024-09-02 11:50:23.944 [info] > git rev-parse --show-toplevel [12ms]
2024-09-02 11:50:23.944 [info] fatal: not a git repository (or any parent up to mount point /)
Stopping at filesystem boundary (GIT_DISCOVERY_ACROSS_FILESYSTEM not set).
2024-09-02 11:50:24.160 [info] > git rev-parse --show-toplevel [127ms]
2024-09-02 11:50:24.161 [info] fatal: not a git repository (or any parent up to mount point /)
Stopping at filesystem boundary (GIT_DISCOVERY_ACROSS_FILESYSTEM not set).
2024-09-02 11:50:24.293 [info] > git rev-parse --show-toplevel [6ms]
2024-09-02 11:50:24.294 [info] fatal: not a git repository (or any parent up to mount point /)
Stopping at filesystem boundary (GIT_DISCOVERY_ACROSS_FILESYSTEM not set).
2024-09-02 11:50:24.428 [info] > git rev-parse --show-toplevel [14ms]
2024-09-02 11:50:24.429 [info] fatal: not a git repository (or any parent up to mount point /)
Stopping at filesystem boundary (GIT_DISCOVERY_ACROSS_FILESYSTEM not set).
2024-09-02 11:50:24.691 [info] > git show --textconv :video/live-stream/input_test.py [146ms]
2024-09-02 11:50:24.741 [info] > git ls-files --stage -- /home/reid_butler/python-docs-samples/video/live-stream/input_test.py [54ms]
2024-09-02 11:50:24.887 [info] > git cat-file -s 585c3dc7bfae27838429ef6cb8c366c2bcc8ccb8 [12ms]
2024-09-02 11:50:26.163 [info] > git status -z -uall [2622ms]
2024-09-02 11:50:26.818 [info] > git merge-base refs/heads/main refs/remotes/origin/main [541ms]
2024-09-02 11:50:26.949 [info] > git config --get commit.template [451ms]
2024-09-02 11:50:27.059 [info] > git rev-list --count --left-right refs/heads/main...refs/remotes/origin/main [112ms]
2024-09-02 11:50:27.134 [info] > git for-each-ref --format=%(refname)%00%(upstream:short)%00%(objectname)%00%(upstream:track)%00%(upstream:remotename)%00%(upstream:remoteref) refs/heads/main refs/remotes/main [93ms]
2024-09-02 11:50:27.192 [warning] ENOENT: no such file or directory, open '/home/reid_butler/python-docs-samples/.git/refs/remotes/origin/main'
2024-09-02 11:50:27.270 [info] > git rev-parse refs/remotes/origin/main [77ms]
2024-09-02 11:50:27.325 [info] > git diff --name-status -z --diff-filter=ADMR 4a9628160438b9117d4d5ae4bffc8e133359b468...refs/remotes/origin/main [196ms]
2024-09-02 11:50:30.197 [info] > git status -z -uall [2872ms]
2024-09-02 12:12:27.632 [info] > git rev-parse --show-toplevel [34ms]
2024-09-02 12:12:27.633 [info] fatal: not a git repository (or any parent up to mount point /)
Stopping at filesystem boundary (GIT_DISCOVERY_ACROSS_FILESYSTEM not set).
2024-09-02 13:23:55.114 [info] > git rev-parse --show-toplevel [2ms]
2024-09-02 13:23:55.141 [info] fatal: not a git repository (or any parent up to mount point /)
Stopping at filesystem boundary (GIT_DISCOVERY_ACROSS_FILESYSTEM not set).
2024-09-02 13:24:02.051 [info] > git rev-parse --show-toplevel [2ms]
2024-09-02 13:24:02.051 [info] fatal: not a git repository (or any parent up to mount point /)
Stopping at filesystem boundary (GIT_DISCOVERY_ACROSS_FILESYSTEM not set).
2024-09-02 13:24:27.232 [info] > git rev-parse --show-toplevel [2ms]
2024-09-02 13:24:27.233 [info] fatal: not a git repository (or any parent up to mount point /)
Stopping at filesystem boundary (GIT_DISCOVERY_ACROSS_FILESYSTEM not set).
2024-09-02 13:24:48.594 [info] > git rev-parse --show-toplevel [2ms]
2024-09-02 13:24:48.594 [info] fatal: not a git repository (or any parent up to mount point /)
Stopping at filesystem boundary (GIT_DISCOVERY_ACROSS_FILESYSTEM not set).
2024-09-02 13:25:57.256 [info] > git rev-parse --show-toplevel [2ms]
2024-09-02 13:25:57.256 [info] fatal: not a git repository (or any parent up to mount point /)
Stopping at filesystem boundary (GIT_DISCOVERY_ACROSS_FILESYSTEM not set).
2024-09-02 13:27:07.362 [info] > git rev-parse --show-toplevel [1ms]
2024-09-02 13:27:07.410 [info] > git rev-parse --git-dir --git-common-dir [11ms]
2024-09-02 13:27:07.439 [info] Open repository: /home/reid_butler
2024-09-02 13:27:07.515 [info] No remotes found in the git config file.
2024-09-02 13:27:07.519 [info] > git config --get commit.template [42ms]
2024-09-02 13:27:07.524 [info] > git for-each-ref --format=%(refname)%00%(upstream:short)%00%(objectname)%00%(upstream:track)%00%(upstream:remotename)%00%(upstream:remoteref) refs/heads/main refs/remotes/main [10ms]
2024-09-02 13:27:07.525 [warning] No such branch: main.
2024-09-02 13:27:07.666 [info] > git status -z -uall [111ms]
2024-09-02 13:27:09.636 [info] > git check-ignore -v -z --stdin [45ms]
2024-09-02 13:27:09.639 [info] > git config --get commit.template [477ms]
2024-09-02 13:27:09.681 [info] No remotes found in the git config file.
2024-09-02 13:27:09.683 [info] > git check-ignore -v -z --stdin [52ms]
2024-09-02 13:27:09.685 [info] > git for-each-ref --format=%(refname)%00%(upstream:short)%00%(objectname)%00%(upstream:track)%00%(upstream:remotename)%00%(upstream:remoteref) refs/heads/main refs/remotes/main [5ms]
2024-09-02 13:27:09.686 [warning] No such branch: main.
2024-09-02 13:27:09.786 [info] > git status -z -uall [71ms]
2024-09-02 13:54:05.006 [info] > git check-ignore -v -z --stdin [8ms]
2024-09-02 13:54:12.445 [info] > git config --get commit.template [29ms]
2024-09-02 13:54:12.473 [info] > git config --get commit.template [31ms]
2024-09-02 13:54:12.534 [info] No remotes found in the git config file.
2024-09-02 13:54:12.562 [info] > git for-each-ref --format=%(refname)%00%(upstream:short)%00%(objectname)%00%(upstream:track)%00%(upstream:remotename)%00%(upstream:remoteref) refs/heads/main refs/remotes/main [59ms]
2024-09-02 13:54:12.564 [info] > git ls-files --stage -- /home/reid_butler/python-docs-samples/video/live-stream/input_test.py [93ms]
2024-09-02 13:54:12.616 [warning] ENOENT: no such file or directory, open '/home/reid_butler/python-docs-samples/.git/refs/remotes/origin/main'
2024-09-02 13:54:12.618 [info] > git merge-base refs/heads/main refs/remotes/origin/main [57ms]
2024-09-02 13:54:12.643 [info] > git for-each-ref --format=%(refname)%00%(upstream:short)%00%(objectname)%00%(upstream:track)%00%(upstream:remotename)%00%(upstream:remoteref) refs/heads/main refs/remotes/main [109ms]
2024-09-02 13:54:12.643 [warning] No such branch: main.
2024-09-02 13:54:12.672 [info] > git rev-list --count --left-right refs/heads/main...refs/remotes/origin/main [30ms]
2024-09-02 13:54:12.675 [info] > git rev-parse refs/remotes/origin/main [60ms]
2024-09-02 13:54:12.719 [info] > git cat-file -s 5bcb7225e9af8d2c650e48402ebb05065164f157 [130ms]
2024-09-02 13:54:12.771 [info] > git status -z -uall [102ms]
2024-09-02 13:54:12.854 [info] > git status -z -uall [136ms]
2024-09-02 13:54:13.709 [info] > git show --textconv :video/live-stream/input_test.py [310ms]
2024-09-02 13:54:14.126 [info] > git check-ignore -v -z --stdin [40ms]
2024-09-02 13:54:14.130 [info] > git check-ignore -v -z --stdin [6ms]
2024-09-02 13:54:17.920 [info] > git config --get commit.template [37ms]
2024-09-02 13:54:17.923 [info] > git config --get commit.template [4ms]
2024-09-02 13:54:17.956 [info] No remotes found in the git config file.
2024-09-02 13:54:17.986 [info] > git for-each-ref --format=%(refname)%00%(upstream:short)%00%(objectname)%00%(upstream:track)%00%(upstream:remotename)%00%(upstream:remoteref) refs/heads/main refs/remotes/main [31ms]
2024-09-02 13:54:17.987 [warning] No such branch: main.
2024-09-02 13:54:18.014 [info] > git for-each-ref --format=%(refname)%00%(upstream:short)%00%(objectname)%00%(upstream:track)%00%(upstream:remotename)%00%(upstream:remoteref) refs/heads/main refs/remotes/main [28ms]
2024-09-02 13:54:18.056 [warning] ENOENT: no such file or directory, open '/home/reid_butler/python-docs-samples/.git/refs/remotes/origin/main'
2024-09-02 13:54:18.061 [info] > git rev-parse refs/remotes/origin/main [4ms]
2024-09-02 13:54:18.108 [info] > git status -z -uall [96ms]
2024-09-02 13:54:18.197 [info] > git status -z -uall [103ms]
2024-09-02 13:57:08.979 [info] No remotes found in the git config file.
2024-09-02 13:57:09.012 [info] > git config --get commit.template [67ms]
2024-09-02 13:57:09.014 [info] > git for-each-ref --format=%(refname)%00%(upstream:short)%00%(objectname)%00%(upstream:track)%00%(upstream:remotename)%00%(upstream:remoteref) refs/heads/main refs/remotes/main [36ms]
2024-09-02 13:57:09.015 [warning] No such branch: main.
2024-09-02 13:57:09.041 [info] > git ls-files --stage -- /home/reid_butler/python-docs-samples/video/live-stream/input_test.py [32ms]
2024-09-02 13:57:09.090 [info] > git cat-file -s 5bcb7225e9af8d2c650e48402ebb05065164f157 [6ms]
2024-09-02 13:57:09.107 [info] > git status -z -uall [67ms]
2024-09-02 13:57:09.206 [info] > git show --textconv :video/live-stream/input_test.py [5ms]
2024-09-02 13:58:31.457 [info] No remotes found in the git config file.
2024-09-02 13:58:31.491 [info] > git config --get commit.template [35ms]
2024-09-02 13:58:31.493 [info] > git for-each-ref --format=%(refname)%00%(upstream:short)%00%(objectname)%00%(upstream:track)%00%(upstream:remotename)%00%(upstream:remoteref) refs/heads/main refs/remotes/main [5ms]
2024-09-02 13:58:31.493 [warning] No such branch: main.
2024-09-02 13:58:31.600 [info] > git status -z -uall [76ms]
2024-09-02 13:58:37.960 [info] > git config --get commit.template [72ms]
2024-09-02 13:58:38.098 [info] No remotes found in the git config file.
2024-09-02 13:58:38.141 [info] > git for-each-ref --format=%(refname)%00%(upstream:short)%00%(objectname)%00%(upstream:track)%00%(upstream:remotename)%00%(upstream:remoteref) refs/heads/main refs/remotes/main [43ms]
2024-09-02 13:58:38.145 [warning] No such branch: main.
2024-09-02 13:58:38.492 [info] > git status -z -uall [243ms]
2024-09-02 13:58:39.975 [info] > git for-each-ref --sort -committerdate --format %(refname) %(objectname) %(*objectname) [3ms]
2024-09-02 13:58:42.632 [info] > git for-each-ref --sort -committerdate --format %(refname) %(objectname) %(*objectname) [16ms]
2024-09-02 13:58:43.909 [info] No remotes found in the git config file.
2024-09-02 13:58:43.912 [info] > git config --get commit.template [96ms]
2024-09-02 13:58:43.920 [info] > git for-each-ref --format=%(refname)%00%(upstream:short)%00%(objectname)%00%(upstream:track)%00%(upstream:remotename)%00%(upstream:remoteref) refs/heads/main refs/remotes/main [12ms]
2024-09-02 13:58:43.921 [warning] No such branch: main.
2024-09-02 13:58:44.259 [info] > git status -z -uall [213ms]
2024-09-02 13:58:58.906 [info] > git for-each-ref --sort -committerdate --format %(refname) %(objectname) %(*objectname) [3ms]
2024-09-02 13:59:00.921 [info] > git for-each-ref --sort -committerdate --format %(refname) %(objectname) %(*objectname) [3ms]
2024-09-02 13:59:49.432 [info] > git ls-files --stage -- /home/reid_butler/python-docs-samples/video/live-stream/input_test.py [5ms]
2024-09-02 13:59:49.478 [info] > git cat-file -s 5bcb7225e9af8d2c650e48402ebb05065164f157 [3ms]
2024-09-02 13:59:49.582 [info] > git show --textconv :video/live-stream/input_test.py [7ms]
2024-09-02 13:59:53.435 [info] > git for-each-ref --sort -committerdate --format %(refname) %(objectname) %(*objectname) [3ms]
2024-09-02 14:00:18.413 [info] > git for-each-ref --sort -committerdate --format %(refname) %(objectname) %(*objectname) [3ms]
2024-09-02 14:00:24.308 [info] > git for-each-ref --sort -committerdate --format %(refname) %(objectname) %(*objectname) [2ms]
2024-09-02 14:00:47.949 [info] > git ls-files --stage -- /home/reid_butler/python-docs-samples/video/live-stream/input_test.py [4ms]
2024-09-02 14:00:47.985 [info] > git cat-file -s 5bcb7225e9af8d2c650e48402ebb05065164f157 [2ms]
2024-09-02 14:00:48.076 [info] > git show --textconv :video/live-stream/input_test.py [4ms]
